12:01:09 00102 INFO: Converting BPMN pathway AbdelsJourney.bpmn to json...
12:01:09 00103 INFO: Initial node created: Birth
12:01:09 00103 INFO: Simple node created: GPRefersToHospital
12:01:09 00103 INFO: Simple node created: ArriveHospital
12:01:09 00103 INFO: Simple node created: LookupMedsFromLHCR
12:01:09 00103 INFO: Simple node created: MedsReconcile
12:01:09 00103 INFO: Simple node created: MedsPrescribe
12:01:09 00103 INFO: Simple node created: MedsReconcileForDigcharge
12:01:09 00103 INFO: Simple node created: Discharge
12:01:09 00103 INFO: Simple node created: SendDischarge2GP
12:01:09 00103 INFO: Simple node created: GPMedsReconcile
12:01:09 00103 INFO: Simple node created: GPvisit
12:01:09 NOTE  missing delay name 'W' 'a' 'i' 't' '1' (message argument count missmatch)
12:01:09 00103 INFO: Delay node created: Wait1
12:01:09 NOTE  missing delay name 'W' 'a' 'i' 't' '2' (message argument count missmatch)
12:01:09 00103 INFO: Delay node created: Wait2
12:01:09 00103 INFO: Delay node created: Wait3 ""
12:01:09 NOTE  missing delay name 'W' 'a' 'i' 't' '5' (message argument count missmatch)
12:01:09 00103 INFO: Delay node created: Wait5
12:01:09 NOTE  missing delay name 'W' 'a' 'i' 't' '6' (message argument count missmatch)
12:01:09 00103 INFO: Delay node created: Wait6
12:01:09 NOTE  missing delay name 'W' 'a' 'i' 't' '7' (message argument count missmatch)
12:01:09 00103 INFO: Delay node created: Wait7
12:01:09 00103 INFO: Delay node created: Wait8 "

"
12:01:09 00103 INFO: Delay node created: Wait9 "

"
12:01:09 00103 INFO: Terminal node created: Finish
12:01:09 00105 INFO: Direct Transition for Wait1 added: GPvisit
12:01:09 00105 INFO: Direct Transition for GPvisit added: GPRefersToHospital
12:01:09 00105 INFO: Direct Transition for GPRefersToHospital added: Wait2
12:01:09 00105 INFO: Direct Transition for Birth added: Wait1
12:01:09 00105 INFO: Direct Transition for Wait2 added: ArriveHospital
12:01:09 00105 INFO: Direct Transition for ArriveHospital added: Wait3
12:01:09 00105 INFO: Direct Transition for Wait3 added: LookupMedsFromLHCR
12:01:09 00105 INFO: Direct Transition for LookupMedsFromLHCR added: MedsReconcile
12:01:09 00105 INFO: Direct Transition for MedsReconcile added: Wait5
12:01:09 00105 INFO: Direct Transition for MedsPrescribe added: Wait6
12:01:09 00105 INFO: Direct Transition for MedsReconcileForDigcharge added: Wait7
12:01:09 00105 INFO: Direct Transition for Discharge added: Wait8
12:01:09 00105 INFO: Direct Transition for SendDischarge2GP added: Wait9
12:01:09 00105 INFO: Direct Transition for GPMedsReconcile added: Finish
12:01:09 00105 INFO: Direct Transition for Wait6 added: MedsReconcileForDigcharge
12:01:09 00105 INFO: Direct Transition for Wait7 added: Discharge
12:01:09 00105 INFO: Direct Transition for Wait8 added: SendDischarge2GP
12:01:09 00105 INFO: Direct Transition for Wait9 added: GPMedsReconcile
12:01:09 00105 INFO: Direct Transition for Wait5 added: MedsPrescribe
12:01:09 NOTE  Looking for attributes from setAttribute for AbdelsJourney Birth
12:01:09 NOTE  Adding attribute from setAttribute for AbdelsJourney Birth
12:01:09 NOTE  Looking for attributes from setAttribute for AbdelsJourney Birth
12:01:09 NOTE  Adding attribute from setAttribute for AbdelsJourney Birth
12:01:09 NOTE  Looking for attributes from setAttribute for AbdelsJourney GPvisit
12:01:09 NOTE  Adding attribute from setAttribute for AbdelsJourney GPvisit
12:01:09 NOTE  Looking for attributes from setAttribute for AbdelsJourney Birth
12:01:09 NOTE  Adding attribute from setAttribute for AbdelsJourney Birth
12:01:09 NOTE  Looking for attributes from setAttribute for AbdelsJourney Birth
12:01:09 NOTE  Adding attribute from setAttribute for AbdelsJourney Birth
12:01:09 NOTE  Looking for attributes from setAttribute for AbdelsJourney Birth
12:01:09 NOTE  Adding attribute from setAttribute for AbdelsJourney Birth
12:01:09 NOTE  Looking for attributes from setAttribute for AbdelsJourney GPvisit
12:01:09 NOTE  Adding attribute from setAttribute for AbdelsJourney GPvisit
12:01:09 NOTE  Looking for attributes from setAttribute for AbdelsJourney GPvisit
12:01:09 NOTE  Adding attribute from setAttribute for AbdelsJourney GPvisit
12:01:09 NOTE  Looking for attributes from setAttribute for AbdelsJourney Birth
12:01:09 NOTE  Adding attribute from setAttribute for AbdelsJourney Birth
12:01:09 NOTE  Looking for attributes from setAttribute for AbdelsJourney Birth
12:01:09 NOTE  Adding attribute from setAttribute for AbdelsJourney Birth
12:01:09 00106 INFO: Pathway AbdelsJourney.json has been converted to json successfully.
