14:06:05 00102 INFO: Converting BPMN pathway AbdelsJourney.bpmn to json...
14:06:05 00103 INFO: Initial node created: Birth
14:06:05 00103 INFO: Simple node created: GPRefersToHospital
14:06:05 00103 INFO: Simple node created: ArriveHospital
14:06:05 00103 INFO: Simple node created: LookupMedsFromLHCR
14:06:05 00103 INFO: Simple node created: MedsReconcile
14:06:05 00103 INFO: Simple node created: MedsPrescribe
14:06:05 00103 INFO: Simple node created: MedsReconcileForDigcharge
14:06:05 00103 INFO: Simple node created: Discharge
14:06:05 00103 INFO: Simple node created: SendDischarge2GP
14:06:05 00103 INFO: Simple node created: GPMedsReconcile
14:06:05 00103 INFO: Simple node created: GPvisit
14:06:05 NOTE  missing delay name 'W' 'a' 'i' 't' '1' (message argument count missmatch)
14:06:05 00103 INFO: Delay node created: Wait1
14:06:05 NOTE  missing delay name 'W' 'a' 'i' 't' '2' (message argument count missmatch)
14:06:05 00103 INFO: Delay node created: Wait2
14:06:05 00103 INFO: Delay node created: Wait3 ""
14:06:05 NOTE  missing delay name 'W' 'a' 'i' 't' '5' (message argument count missmatch)
14:06:05 00103 INFO: Delay node created: Wait5
14:06:05 NOTE  missing delay name 'W' 'a' 'i' 't' '6' (message argument count missmatch)
14:06:05 00103 INFO: Delay node created: Wait6
14:06:05 NOTE  missing delay name 'W' 'a' 'i' 't' '7' (message argument count missmatch)
14:06:05 00103 INFO: Delay node created: Wait7
14:06:05 00103 INFO: Delay node created: Wait8 "

"
14:06:05 00103 INFO: Delay node created: Wait9 "

"
14:06:05 00103 INFO: Terminal node created: Finish
14:06:05 00105 INFO: Direct Transition for Wait1 added: GPvisit
14:06:05 00105 INFO: Direct Transition for GPvisit added: GPRefersToHospital
14:06:05 00105 INFO: Direct Transition for GPRefersToHospital added: Wait2
14:06:05 00105 INFO: Direct Transition for Birth added: Wait1
14:06:05 00105 INFO: Direct Transition for Wait2 added: ArriveHospital
14:06:05 00105 INFO: Direct Transition for ArriveHospital added: Wait3
14:06:05 00105 INFO: Direct Transition for Wait3 added: LookupMedsFromLHCR
14:06:05 00105 INFO: Direct Transition for LookupMedsFromLHCR added: MedsReconcile
14:06:05 00105 INFO: Direct Transition for MedsReconcile added: Wait5
14:06:05 00105 INFO: Direct Transition for MedsPrescribe added: Wait6
14:06:05 00105 INFO: Direct Transition for MedsReconcileForDigcharge added: Wait7
14:06:05 00105 INFO: Direct Transition for Discharge added: Wait8
14:06:05 00105 INFO: Direct Transition for SendDischarge2GP added: Wait9
14:06:05 00105 INFO: Direct Transition for GPMedsReconcile added: Finish
14:06:05 00105 INFO: Direct Transition for Wait6 added: MedsReconcileForDigcharge
14:06:05 00105 INFO: Direct Transition for Wait7 added: Discharge
14:06:05 00105 INFO: Direct Transition for Wait8 added: SendDischarge2GP
14:06:05 00105 INFO: Direct Transition for Wait9 added: GPMedsReconcile
14:06:05 00105 INFO: Direct Transition for Wait5 added: MedsPrescribe
14:06:05 NOTE  Looking for attributes from setAttribute for AbdelsJourney Birth
14:06:05 NOTE  Adding attribute from setAttribute for AbdelsJourney Birth
14:06:05 NOTE  Looking for attributes from setAttribute for AbdelsJourney Birth
14:06:05 NOTE  Adding attribute from setAttribute for AbdelsJourney Birth
14:06:05 NOTE  Looking for attributes from setAttribute for AbdelsJourney GPvisit
14:06:05 NOTE  Adding attribute from setAttribute for AbdelsJourney GPvisit
14:06:05 NOTE  Looking for attributes from setAttribute for AbdelsJourney Birth
14:06:05 NOTE  Adding attribute from setAttribute for AbdelsJourney Birth
14:06:05 NOTE  Looking for attributes from setAttribute for AbdelsJourney Birth
14:06:05 NOTE  Adding attribute from setAttribute for AbdelsJourney Birth
14:06:05 NOTE  Looking for attributes from setAttribute for AbdelsJourney Birth
14:06:05 NOTE  Adding attribute from setAttribute for AbdelsJourney Birth
14:06:05 NOTE  Looking for attributes from setAttribute for AbdelsJourney GPvisit
14:06:05 NOTE  Adding attribute from setAttribute for AbdelsJourney GPvisit
14:06:05 NOTE  Looking for attributes from setAttribute for AbdelsJourney GPvisit
14:06:05 NOTE  Adding attribute from setAttribute for AbdelsJourney GPvisit
14:06:05 NOTE  Looking for attributes from setAttribute for AbdelsJourney GPvisit
14:06:05 NOTE  Adding attribute from setAttribute for AbdelsJourney GPvisit
14:06:05 NOTE  Looking for attributes from setAttribute for AbdelsJourney Birth
14:06:05 NOTE  Adding attribute from setAttribute for AbdelsJourney Birth
14:06:05 NOTE  Looking for attributes from setAttribute for AbdelsJourney Birth
14:06:05 NOTE  Adding attribute from setAttribute for AbdelsJourney Birth
14:06:05 00106 INFO: Pathway AbdelsJourney.json has been converted to json successfully.
