13:50:52 00102 INFO: Converting BPMN pathway Camunda diagram_2 Pathology Test and reporting process.bpmn to json...
13:50:52 00103 INFO: Initial node created: Start
13:50:52 00103 INFO: Simple node created: patient_assessment
13:50:52 00103 INFO: Simple node created: test_request
13:50:52 00103 INFO: Simple node created: Specimen_check
13:50:52 00103 INFO: Simple node created: lab_test
13:50:52 00103 INFO: Simple node created: test_report
13:50:52 00103 INFO: Simple node created: send_report
13:50:52 00103 INFO: Simple node created: receive_report
13:50:52 00103 INFO: Simple node created: inform_patient
13:50:52 00103 INFO: Delay node created: sending_test_request "sending_test_request"
13:50:52 00103 INFO: Delay node created: GP_diagnosis "Diagnosis"
13:50:52 00103 INFO: Delay node created: specimen_ready_for_test "specimen_ready_for_test"
13:50:52 00103 INFO: Delay node created: prepare_report_for_send "preparing report for sending"
13:50:52 00103 INFO: Delay node created: test_complete "test completed_ready for report"
13:50:52 00103 INFO: Delay node created: report_in_transfer "report in transfer"
13:50:52 00103 INFO: Delay node created: Initial_patient_GP_Visit "Wait to see GP

"
13:50:52 00103 INFO: Delay node created: GP_checks_report "GP_checks_report"
13:50:52 00103 INFO: Terminal node created: Receive_results
13:50:52 00105 INFO: Direct Transition for lab_test added: test_report
13:50:52 00105 INFO: Direct Transition for Start added: Initial_patient_GP_Visit
13:50:52 00105 INFO: Direct Transition for test_report added: send_report
13:50:52 00105 INFO: Direct Transition for Specimen_check added: specimen_ready_for_test
13:50:52 00105 INFO: Direct Transition for test_request added: Specimen_check
13:50:52 00105 INFO: Direct Transition for GP_checks_report added: inform_patient
13:50:52 00105 INFO: Direct Transition for inform_patient added: Receive_results
13:50:52 00105 INFO: Direct Transition for send_report added: receive_report
13:50:52 00105 INFO: Direct Transition for Initial_patient_GP_Visit added: patient_assessment
13:50:52 00105 INFO: Direct Transition for specimen_ready_for_test added: lab_test
13:50:52 00105 INFO: Direct Transition for patient_assessment added: test_request
13:50:52 00105 INFO: Direct Transition for receive_report added: GP_checks_report
13:50:52 00106 INFO: Pathway Camunda diagram_2 Pathology Test and reporting process.json has been converted to json successfully.
