16:02:12 00001 INFO: Starting...
16:02:12 00111 INFO: Creating 50 patients.
16:02:12 00112 INFO: Reading file: FakeNameGeneratorShr.csv.
16:02:12 00113 INFO: Found name generator file: FakeNameGeneratorShr.csv
16:02:12 00112 INFO: Reading file: PopulationStatistics.csv.
16:02:12 00113 INFO: Found domain statistics file: PopulationStatistics.csv
16:02:12 00112 INFO: Reading file: ShrewsburyStats.csv.
16:02:12 00113 INFO: Found area statistics file: ShrewsburyStats.csv
16:02:12 00114 INFO: Dealing with area type: Ward
16:02:15 00101 INFO: Adding pathway file 'AbdelsJourney.bpmn' to validation list
16:02:15 00115 INFO: Files validated for information items. Checking files dependencies...
16:02:15 00107 INFO: Validating pathways.
16:02:15 00108 INFO: Importing pathway file Resources/Files/Pathway/BPMN/AbdelsJourney.bpmn
16:02:15 00109 INFO: Pathways validated.
16:02:15 00110 INFO: Importing pathways successful.
16:02:15 NOTE  person being put onto pathway :42 : AbdelsJourney
16:02:15 NOTE  Error rendering template KAFKA_Observation.txt : <class 'jinja2.exceptions.UndefinedError'> 'list object' has no attribute 'code'
16:02:15 NOTE  Error rendering template KAFKA_Observation.txt : <class 'jinja2.exceptions.UndefinedError'> 'list object' has no attribute 'code'
16:02:15 NOTE  Error rendering template KAFKA_Observation.txt : <class 'jinja2.exceptions.UndefinedError'> 'list object' has no attribute 'code'
16:02:15 NOTE  person being put onto pathway :14 : AbdelsJourney
16:02:16 NOTE  Error rendering template KAFKA_Observation.txt : <class 'jinja2.exceptions.UndefinedError'> 'list object' has no attribute 'code'
16:02:16 NOTE  Error rendering template KAFKA_Observation.txt : <class 'jinja2.exceptions.UndefinedError'> 'list object' has no attribute 'code'
16:02:16 NOTE  Error rendering template KAFKA_Observation.txt : <class 'jinja2.exceptions.UndefinedError'> 'list object' has no attribute 'code'
16:02:16 NOTE  person being put onto pathway :43 : AbdelsJourney
16:02:16 NOTE  Error rendering template KAFKA_Observation.txt : <class 'jinja2.exceptions.UndefinedError'> 'list object' has no attribute 'code'
16:02:16 NOTE  Error rendering template KAFKA_Observation.txt : <class 'jinja2.exceptions.UndefinedError'> 'list object' has no attribute 'code'
16:02:16 NOTE  Error rendering template KAFKA_Observation.txt : <class 'jinja2.exceptions.UndefinedError'> 'list object' has no attribute 'code'
16:02:16 NOTE  person being put onto pathway :45 : AbdelsJourney
16:02:16 NOTE  Error rendering template KAFKA_Observation.txt : <class 'jinja2.exceptions.UndefinedError'> 'list object' has no attribute 'code'
16:02:16 NOTE  Error rendering template KAFKA_Observation.txt : <class 'jinja2.exceptions.UndefinedError'> 'list object' has no attribute 'code'
16:02:16 NOTE  Error rendering template KAFKA_Observation.txt : <class 'jinja2.exceptions.UndefinedError'> 'list object' has no attribute 'code'
16:02:17 NOTE  person being put onto pathway :16 : AbdelsJourney
16:02:17 NOTE  Error rendering template KAFKA_Observation.txt : <class 'jinja2.exceptions.UndefinedError'> 'list object' has no attribute 'code'
16:02:17 NOTE  Error rendering template KAFKA_Observation.txt : <class 'jinja2.exceptions.UndefinedError'> 'list object' has no attribute 'code'
16:02:17 NOTE  Error rendering template KAFKA_Observation.txt : <class 'jinja2.exceptions.UndefinedError'> 'list object' has no attribute 'code'
16:02:17 NOTE  person being put onto pathway :25 : AbdelsJourney
16:02:17 NOTE  Error rendering template KAFKA_Observation.txt : <class 'jinja2.exceptions.UndefinedError'> 'list object' has no attribute 'code'
16:02:17 NOTE  Error rendering template KAFKA_Observation.txt : <class 'jinja2.exceptions.UndefinedError'> 'list object' has no attribute 'code'
16:02:17 NOTE  Error rendering template KAFKA_Observation.txt : <class 'jinja2.exceptions.UndefinedError'> 'list object' has no attribute 'code'
16:02:18 NOTE  person being put onto pathway :17 : AbdelsJourney
16:02:18 NOTE  Error rendering template KAFKA_Observation.txt : <class 'jinja2.exceptions.UndefinedError'> 'list object' has no attribute 'code'
16:02:18 NOTE  Error rendering template KAFKA_Observation.txt : <class 'jinja2.exceptions.UndefinedError'> 'list object' has no attribute 'code'
16:02:18 NOTE  Error rendering template KAFKA_Observation.txt : <class 'jinja2.exceptions.UndefinedError'> 'list object' has no attribute 'code'
16:02:18 NOTE  person being put onto pathway :24 : AbdelsJourney
16:02:18 NOTE  Error rendering template KAFKA_Observation.txt : <class 'jinja2.exceptions.UndefinedError'> 'list object' has no attribute 'code'
16:02:18 NOTE  Error rendering template KAFKA_Observation.txt : <class 'jinja2.exceptions.UndefinedError'> 'list object' has no attribute 'code'
16:02:18 NOTE  Error rendering template KAFKA_Observation.txt : <class 'jinja2.exceptions.UndefinedError'> 'list object' has no attribute 'code'
16:02:18 NOTE  person being put onto pathway :31 : AbdelsJourney
16:02:18 NOTE  Error rendering template KAFKA_Observation.txt : <class 'jinja2.exceptions.UndefinedError'> 'list object' has no attribute 'code'
16:02:18 NOTE  Error rendering template KAFKA_Observation.txt : <class 'jinja2.exceptions.UndefinedError'> 'list object' has no attribute 'code'
16:02:18 NOTE  Error rendering template KAFKA_Observation.txt : <class 'jinja2.exceptions.UndefinedError'> 'list object' has no attribute 'code'
16:02:19 NOTE  person being put onto pathway :15 : AbdelsJourney
16:02:19 NOTE  Error rendering template KAFKA_Observation.txt : <class 'jinja2.exceptions.UndefinedError'> 'list object' has no attribute 'code'
16:02:19 NOTE  Error rendering template KAFKA_Observation.txt : <class 'jinja2.exceptions.UndefinedError'> 'list object' has no attribute 'code'
16:02:19 NOTE  Error rendering template KAFKA_Observation.txt : <class 'jinja2.exceptions.UndefinedError'> 'list object' has no attribute 'code'
16:02:19 NOTE  person being put onto pathway :23 : AbdelsJourney
16:02:19 NOTE  Error rendering template KAFKA_Observation.txt : <class 'jinja2.exceptions.UndefinedError'> 'list object' has no attribute 'code'
16:02:19 NOTE  Error rendering template KAFKA_Observation.txt : <class 'jinja2.exceptions.UndefinedError'> 'list object' has no attribute 'code'
16:02:19 NOTE  Error rendering template KAFKA_Observation.txt : <class 'jinja2.exceptions.UndefinedError'> 'list object' has no attribute 'code'
16:02:19 NOTE  person being put onto pathway :8 : AbdelsJourney
16:02:19 NOTE  Error rendering template KAFKA_Observation.txt : <class 'jinja2.exceptions.UndefinedError'> 'list object' has no attribute 'code'
16:02:19 NOTE  Error rendering template KAFKA_Observation.txt : <class 'jinja2.exceptions.UndefinedError'> 'list object' has no attribute 'code'
16:02:19 NOTE  Error rendering template KAFKA_Observation.txt : <class 'jinja2.exceptions.UndefinedError'> 'list object' has no attribute 'code'
16:02:20 NOTE  person being put onto pathway :21 : AbdelsJourney
16:02:20 NOTE  Error rendering template KAFKA_Observation.txt : <class 'jinja2.exceptions.UndefinedError'> 'list object' has no attribute 'code'
16:02:20 NOTE  Error rendering template KAFKA_Observation.txt : <class 'jinja2.exceptions.UndefinedError'> 'list object' has no attribute 'code'
16:02:20 NOTE  Error rendering template KAFKA_Observation.txt : <class 'jinja2.exceptions.UndefinedError'> 'list object' has no attribute 'code'
16:02:20 NOTE  person being put onto pathway :33 : AbdelsJourney
16:02:20 NOTE  Error rendering template KAFKA_Observation.txt : <class 'jinja2.exceptions.UndefinedError'> 'list object' has no attribute 'code'
16:02:20 NOTE  Error rendering template KAFKA_Observation.txt : <class 'jinja2.exceptions.UndefinedError'> 'list object' has no attribute 'code'
16:02:20 NOTE  Error rendering template KAFKA_Observation.txt : <class 'jinja2.exceptions.UndefinedError'> 'list object' has no attribute 'code'
16:02:20 NOTE  person being put onto pathway :4 : AbdelsJourney
16:02:20 NOTE  Error rendering template KAFKA_Observation.txt : <class 'jinja2.exceptions.UndefinedError'> 'list object' has no attribute 'code'
16:02:20 NOTE  Error rendering template KAFKA_Observation.txt : <class 'jinja2.exceptions.UndefinedError'> 'list object' has no attribute 'code'
16:02:20 NOTE  Error rendering template KAFKA_Observation.txt : <class 'jinja2.exceptions.UndefinedError'> 'list object' has no attribute 'code'
16:02:21 NOTE  person being put onto pathway :19 : AbdelsJourney
16:02:21 NOTE  Error rendering template KAFKA_Observation.txt : <class 'jinja2.exceptions.UndefinedError'> 'list object' has no attribute 'code'
16:02:21 NOTE  Error rendering template KAFKA_Observation.txt : <class 'jinja2.exceptions.UndefinedError'> 'list object' has no attribute 'code'
16:02:21 NOTE  Error rendering template KAFKA_Observation.txt : <class 'jinja2.exceptions.UndefinedError'> 'list object' has no attribute 'code'
16:02:21 NOTE  person being put onto pathway :28 : AbdelsJourney
16:02:21 NOTE  Error rendering template KAFKA_Observation.txt : <class 'jinja2.exceptions.UndefinedError'> 'list object' has no attribute 'code'
16:02:21 NOTE  Error rendering template KAFKA_Observation.txt : <class 'jinja2.exceptions.UndefinedError'> 'list object' has no attribute 'code'
16:02:21 NOTE  Error rendering template KAFKA_Observation.txt : <class 'jinja2.exceptions.UndefinedError'> 'list object' has no attribute 'code'
16:02:21 NOTE  person being put onto pathway :1 : AbdelsJourney
16:02:21 NOTE  Error rendering template KAFKA_Observation.txt : <class 'jinja2.exceptions.UndefinedError'> 'list object' has no attribute 'code'
16:02:21 NOTE  Error rendering template KAFKA_Observation.txt : <class 'jinja2.exceptions.UndefinedError'> 'list object' has no attribute 'code'
16:02:21 NOTE  Error rendering template KAFKA_Observation.txt : <class 'jinja2.exceptions.UndefinedError'> 'list object' has no attribute 'code'
16:02:22 NOTE  person being put onto pathway :18 : AbdelsJourney
16:02:22 NOTE  Error rendering template KAFKA_Observation.txt : <class 'jinja2.exceptions.UndefinedError'> 'list object' has no attribute 'code'
16:02:22 NOTE  Error rendering template KAFKA_Observation.txt : <class 'jinja2.exceptions.UndefinedError'> 'list object' has no attribute 'code'
16:02:22 NOTE  Error rendering template KAFKA_Observation.txt : <class 'jinja2.exceptions.UndefinedError'> 'list object' has no attribute 'code'
16:02:22 NOTE  person being put onto pathway :39 : AbdelsJourney
16:02:22 NOTE  Error rendering template KAFKA_Observation.txt : <class 'jinja2.exceptions.UndefinedError'> 'list object' has no attribute 'code'
16:02:22 NOTE  Error rendering template KAFKA_Observation.txt : <class 'jinja2.exceptions.UndefinedError'> 'list object' has no attribute 'code'
16:02:22 NOTE  Error rendering template KAFKA_Observation.txt : <class 'jinja2.exceptions.UndefinedError'> 'list object' has no attribute 'code'
16:02:23 NOTE  person being put onto pathway :48 : AbdelsJourney
16:02:23 NOTE  Error rendering template KAFKA_Observation.txt : <class 'jinja2.exceptions.UndefinedError'> 'list object' has no attribute 'code'
16:02:23 NOTE  Error rendering template KAFKA_Observation.txt : <class 'jinja2.exceptions.UndefinedError'> 'list object' has no attribute 'code'
16:02:23 NOTE  Error rendering template KAFKA_Observation.txt : <class 'jinja2.exceptions.UndefinedError'> 'list object' has no attribute 'code'
16:02:23 NOTE  person being put onto pathway :5 : AbdelsJourney
16:02:23 NOTE  Error rendering template KAFKA_Observation.txt : <class 'jinja2.exceptions.UndefinedError'> 'list object' has no attribute 'code'
16:02:23 NOTE  Error rendering template KAFKA_Observation.txt : <class 'jinja2.exceptions.UndefinedError'> 'list object' has no attribute 'code'
16:02:23 NOTE  Error rendering template KAFKA_Observation.txt : <class 'jinja2.exceptions.UndefinedError'> 'list object' has no attribute 'code'
16:02:23 NOTE  person being put onto pathway :49 : AbdelsJourney
16:02:24 NOTE  Error rendering template KAFKA_Observation.txt : <class 'jinja2.exceptions.UndefinedError'> 'list object' has no attribute 'code'
16:02:24 NOTE  Error rendering template KAFKA_Observation.txt : <class 'jinja2.exceptions.UndefinedError'> 'list object' has no attribute 'code'
16:02:24 NOTE  Error rendering template KAFKA_Observation.txt : <class 'jinja2.exceptions.UndefinedError'> 'list object' has no attribute 'code'
16:02:24 NOTE  person being put onto pathway :6 : AbdelsJourney
16:02:24 NOTE  Error rendering template KAFKA_Observation.txt : <class 'jinja2.exceptions.UndefinedError'> 'list object' has no attribute 'code'
16:02:24 NOTE  Error rendering template KAFKA_Observation.txt : <class 'jinja2.exceptions.UndefinedError'> 'list object' has no attribute 'code'
16:02:24 NOTE  Error rendering template KAFKA_Observation.txt : <class 'jinja2.exceptions.UndefinedError'> 'list object' has no attribute 'code'
16:02:24 NOTE  person being put onto pathway :32 : AbdelsJourney
16:02:24 NOTE  Error rendering template KAFKA_Observation.txt : <class 'jinja2.exceptions.UndefinedError'> 'list object' has no attribute 'code'
16:02:24 NOTE  Error rendering template KAFKA_Observation.txt : <class 'jinja2.exceptions.UndefinedError'> 'list object' has no attribute 'code'
16:02:24 NOTE  Error rendering template KAFKA_Observation.txt : <class 'jinja2.exceptions.UndefinedError'> 'list object' has no attribute 'code'
16:02:25 NOTE  person being put onto pathway :46 : AbdelsJourney
16:02:25 NOTE  Error rendering template KAFKA_Observation.txt : <class 'jinja2.exceptions.UndefinedError'> 'list object' has no attribute 'code'
16:02:25 NOTE  Error rendering template KAFKA_Observation.txt : <class 'jinja2.exceptions.UndefinedError'> 'list object' has no attribute 'code'
16:02:25 NOTE  Error rendering template KAFKA_Observation.txt : <class 'jinja2.exceptions.UndefinedError'> 'list object' has no attribute 'code'
16:02:25 NOTE  person being put onto pathway :9 : AbdelsJourney
16:02:25 NOTE  Error rendering template KAFKA_Observation.txt : <class 'jinja2.exceptions.UndefinedError'> 'list object' has no attribute 'code'
16:02:25 NOTE  Error rendering template KAFKA_Observation.txt : <class 'jinja2.exceptions.UndefinedError'> 'list object' has no attribute 'code'
16:02:25 NOTE  Error rendering template KAFKA_Observation.txt : <class 'jinja2.exceptions.UndefinedError'> 'list object' has no attribute 'code'
16:02:25 NOTE  person being put onto pathway :7 : AbdelsJourney
16:02:25 NOTE  Error rendering template KAFKA_Observation.txt : <class 'jinja2.exceptions.UndefinedError'> 'list object' has no attribute 'code'
16:02:25 NOTE  Error rendering template KAFKA_Observation.txt : <class 'jinja2.exceptions.UndefinedError'> 'list object' has no attribute 'code'
16:02:25 NOTE  Error rendering template KAFKA_Observation.txt : <class 'jinja2.exceptions.UndefinedError'> 'list object' has no attribute 'code'
16:02:26 NOTE  person being put onto pathway :3 : AbdelsJourney
16:02:26 NOTE  Error rendering template KAFKA_Observation.txt : <class 'jinja2.exceptions.UndefinedError'> 'list object' has no attribute 'code'
16:02:26 NOTE  Error rendering template KAFKA_Observation.txt : <class 'jinja2.exceptions.UndefinedError'> 'list object' has no attribute 'code'
16:02:26 NOTE  Error rendering template KAFKA_Observation.txt : <class 'jinja2.exceptions.UndefinedError'> 'list object' has no attribute 'code'
16:02:26 NOTE  person being put onto pathway :40 : AbdelsJourney
16:02:26 NOTE  Error rendering template KAFKA_Observation.txt : <class 'jinja2.exceptions.UndefinedError'> 'list object' has no attribute 'code'
16:02:26 NOTE  Error rendering template KAFKA_Observation.txt : <class 'jinja2.exceptions.UndefinedError'> 'list object' has no attribute 'code'
16:02:26 NOTE  Error rendering template KAFKA_Observation.txt : <class 'jinja2.exceptions.UndefinedError'> 'list object' has no attribute 'code'
16:02:26 NOTE  person being put onto pathway :10 : AbdelsJourney
16:02:26 NOTE  Error rendering template KAFKA_Observation.txt : <class 'jinja2.exceptions.UndefinedError'> 'list object' has no attribute 'code'
16:02:26 NOTE  Error rendering template KAFKA_Observation.txt : <class 'jinja2.exceptions.UndefinedError'> 'list object' has no attribute 'code'
16:02:26 NOTE  Error rendering template KAFKA_Observation.txt : <class 'jinja2.exceptions.UndefinedError'> 'list object' has no attribute 'code'
16:02:27 NOTE  person being put onto pathway :22 : AbdelsJourney
16:02:27 NOTE  Error rendering template KAFKA_Observation.txt : <class 'jinja2.exceptions.UndefinedError'> 'list object' has no attribute 'code'
16:02:27 NOTE  Error rendering template KAFKA_Observation.txt : <class 'jinja2.exceptions.UndefinedError'> 'list object' has no attribute 'code'
16:02:27 NOTE  Error rendering template KAFKA_Observation.txt : <class 'jinja2.exceptions.UndefinedError'> 'list object' has no attribute 'code'
16:02:27 NOTE  person being put onto pathway :0 : AbdelsJourney
16:02:27 NOTE  Error rendering template KAFKA_Observation.txt : <class 'jinja2.exceptions.UndefinedError'> 'list object' has no attribute 'code'
16:02:27 NOTE  Error rendering template KAFKA_Observation.txt : <class 'jinja2.exceptions.UndefinedError'> 'list object' has no attribute 'code'
16:02:27 NOTE  Error rendering template KAFKA_Observation.txt : <class 'jinja2.exceptions.UndefinedError'> 'list object' has no attribute 'code'
16:02:28 NOTE  person being put onto pathway :20 : AbdelsJourney
16:02:28 NOTE  Error rendering template KAFKA_Observation.txt : <class 'jinja2.exceptions.UndefinedError'> 'list object' has no attribute 'code'
16:02:28 NOTE  Error rendering template KAFKA_Observation.txt : <class 'jinja2.exceptions.UndefinedError'> 'list object' has no attribute 'code'
16:02:28 NOTE  Error rendering template KAFKA_Observation.txt : <class 'jinja2.exceptions.UndefinedError'> 'list object' has no attribute 'code'
16:02:28 NOTE  person being put onto pathway :27 : AbdelsJourney
16:02:28 NOTE  Error rendering template KAFKA_Observation.txt : <class 'jinja2.exceptions.UndefinedError'> 'list object' has no attribute 'code'
16:02:28 NOTE  Error rendering template KAFKA_Observation.txt : <class 'jinja2.exceptions.UndefinedError'> 'list object' has no attribute 'code'
16:02:28 NOTE  Error rendering template KAFKA_Observation.txt : <class 'jinja2.exceptions.UndefinedError'> 'list object' has no attribute 'code'
16:02:29 NOTE  person being put onto pathway :11 : AbdelsJourney
16:02:29 NOTE  Error rendering template KAFKA_Observation.txt : <class 'jinja2.exceptions.UndefinedError'> 'list object' has no attribute 'code'
16:02:29 NOTE  Error rendering template KAFKA_Observation.txt : <class 'jinja2.exceptions.UndefinedError'> 'list object' has no attribute 'code'
16:02:29 NOTE  Error rendering template KAFKA_Observation.txt : <class 'jinja2.exceptions.UndefinedError'> 'list object' has no attribute 'code'
16:02:29 NOTE  person being put onto pathway :50 : AbdelsJourney
16:02:29 NOTE  Error rendering template KAFKA_Observation.txt : <class 'jinja2.exceptions.UndefinedError'> 'list object' has no attribute 'code'
16:02:29 NOTE  Error rendering template KAFKA_Observation.txt : <class 'jinja2.exceptions.UndefinedError'> 'list object' has no attribute 'code'
16:02:29 NOTE  Error rendering template KAFKA_Observation.txt : <class 'jinja2.exceptions.UndefinedError'> 'list object' has no attribute 'code'
16:02:29 NOTE  person being put onto pathway :34 : AbdelsJourney
16:02:30 NOTE  Error rendering template KAFKA_Observation.txt : <class 'jinja2.exceptions.UndefinedError'> 'list object' has no attribute 'code'
16:02:30 NOTE  Error rendering template KAFKA_Observation.txt : <class 'jinja2.exceptions.UndefinedError'> 'list object' has no attribute 'code'
16:02:30 NOTE  Error rendering template KAFKA_Observation.txt : <class 'jinja2.exceptions.UndefinedError'> 'list object' has no attribute 'code'
16:02:30 NOTE  person being put onto pathway :12 : AbdelsJourney
16:02:30 NOTE  Error rendering template KAFKA_Observation.txt : <class 'jinja2.exceptions.UndefinedError'> 'list object' has no attribute 'code'
16:02:30 NOTE  Error rendering template KAFKA_Observation.txt : <class 'jinja2.exceptions.UndefinedError'> 'list object' has no attribute 'code'
16:02:30 NOTE  Error rendering template KAFKA_Observation.txt : <class 'jinja2.exceptions.UndefinedError'> 'list object' has no attribute 'code'
16:02:30 NOTE  person being put onto pathway :37 : AbdelsJourney
16:02:30 NOTE  Error rendering template KAFKA_Observation.txt : <class 'jinja2.exceptions.UndefinedError'> 'list object' has no attribute 'code'
16:02:30 NOTE  Error rendering template KAFKA_Observation.txt : <class 'jinja2.exceptions.UndefinedError'> 'list object' has no attribute 'code'
16:02:30 NOTE  Error rendering template KAFKA_Observation.txt : <class 'jinja2.exceptions.UndefinedError'> 'list object' has no attribute 'code'
16:02:31 NOTE  person being put onto pathway :29 : AbdelsJourney
16:02:31 NOTE  Error rendering template KAFKA_Observation.txt : <class 'jinja2.exceptions.UndefinedError'> 'list object' has no attribute 'code'
16:02:31 NOTE  Error rendering template KAFKA_Observation.txt : <class 'jinja2.exceptions.UndefinedError'> 'list object' has no attribute 'code'
16:02:31 NOTE  Error rendering template KAFKA_Observation.txt : <class 'jinja2.exceptions.UndefinedError'> 'list object' has no attribute 'code'
16:02:31 NOTE  person being put onto pathway :41 : AbdelsJourney
16:02:31 NOTE  Error rendering template KAFKA_Observation.txt : <class 'jinja2.exceptions.UndefinedError'> 'list object' has no attribute 'code'
16:02:31 NOTE  Error rendering template KAFKA_Observation.txt : <class 'jinja2.exceptions.UndefinedError'> 'list object' has no attribute 'code'
16:02:31 NOTE  Error rendering template KAFKA_Observation.txt : <class 'jinja2.exceptions.UndefinedError'> 'list object' has no attribute 'code'
16:02:32 NOTE  person being put onto pathway :36 : AbdelsJourney
16:02:32 NOTE  Error rendering template KAFKA_Observation.txt : <class 'jinja2.exceptions.UndefinedError'> 'list object' has no attribute 'code'
16:02:32 NOTE  Error rendering template KAFKA_Observation.txt : <class 'jinja2.exceptions.UndefinedError'> 'list object' has no attribute 'code'
16:02:32 NOTE  Error rendering template KAFKA_Observation.txt : <class 'jinja2.exceptions.UndefinedError'> 'list object' has no attribute 'code'
16:02:32 NOTE  person being put onto pathway :47 : AbdelsJourney
16:02:32 NOTE  Error rendering template KAFKA_Observation.txt : <class 'jinja2.exceptions.UndefinedError'> 'list object' has no attribute 'code'
16:02:32 NOTE  Error rendering template KAFKA_Observation.txt : <class 'jinja2.exceptions.UndefinedError'> 'list object' has no attribute 'code'
16:02:32 NOTE  Error rendering template KAFKA_Observation.txt : <class 'jinja2.exceptions.UndefinedError'> 'list object' has no attribute 'code'
16:02:32 NOTE  person being put onto pathway :13 : AbdelsJourney
16:02:32 NOTE  Error rendering template KAFKA_Observation.txt : <class 'jinja2.exceptions.UndefinedError'> 'list object' has no attribute 'code'
16:02:32 NOTE  Error rendering template KAFKA_Observation.txt : <class 'jinja2.exceptions.UndefinedError'> 'list object' has no attribute 'code'
16:02:32 NOTE  Error rendering template KAFKA_Observation.txt : <class 'jinja2.exceptions.UndefinedError'> 'list object' has no attribute 'code'
16:02:33 NOTE  person being put onto pathway :30 : AbdelsJourney
16:02:33 NOTE  Error rendering template KAFKA_Observation.txt : <class 'jinja2.exceptions.UndefinedError'> 'list object' has no attribute 'code'
16:02:33 NOTE  Error rendering template KAFKA_Observation.txt : <class 'jinja2.exceptions.UndefinedError'> 'list object' has no attribute 'code'
16:02:33 NOTE  Error rendering template KAFKA_Observation.txt : <class 'jinja2.exceptions.UndefinedError'> 'list object' has no attribute 'code'
16:02:33 NOTE  person being put onto pathway :44 : AbdelsJourney
16:02:33 NOTE  Error rendering template KAFKA_Observation.txt : <class 'jinja2.exceptions.UndefinedError'> 'list object' has no attribute 'code'
16:02:33 NOTE  Error rendering template KAFKA_Observation.txt : <class 'jinja2.exceptions.UndefinedError'> 'list object' has no attribute 'code'
16:02:33 NOTE  Error rendering template KAFKA_Observation.txt : <class 'jinja2.exceptions.UndefinedError'> 'list object' has no attribute 'code'
16:02:34 NOTE  person being put onto pathway :26 : AbdelsJourney
16:02:34 NOTE  Error rendering template KAFKA_Observation.txt : <class 'jinja2.exceptions.UndefinedError'> 'list object' has no attribute 'code'
16:02:34 NOTE  Error rendering template KAFKA_Observation.txt : <class 'jinja2.exceptions.UndefinedError'> 'list object' has no attribute 'code'
16:02:34 NOTE  Error rendering template KAFKA_Observation.txt : <class 'jinja2.exceptions.UndefinedError'> 'list object' has no attribute 'code'
16:02:34 NOTE  person being put onto pathway :2 : AbdelsJourney
16:02:34 NOTE  Error rendering template KAFKA_Observation.txt : <class 'jinja2.exceptions.UndefinedError'> 'list object' has no attribute 'code'
16:02:34 NOTE  Error rendering template KAFKA_Observation.txt : <class 'jinja2.exceptions.UndefinedError'> 'list object' has no attribute 'code'
16:02:34 NOTE  Error rendering template KAFKA_Observation.txt : <class 'jinja2.exceptions.UndefinedError'> 'list object' has no attribute 'code'
16:02:35 NOTE  person being put onto pathway :35 : AbdelsJourney
16:02:35 NOTE  Error rendering template KAFKA_Observation.txt : <class 'jinja2.exceptions.UndefinedError'> 'list object' has no attribute 'code'
16:02:35 NOTE  Error rendering template KAFKA_Observation.txt : <class 'jinja2.exceptions.UndefinedError'> 'list object' has no attribute 'code'
16:02:35 NOTE  Error rendering template KAFKA_Observation.txt : <class 'jinja2.exceptions.UndefinedError'> 'list object' has no attribute 'code'
16:02:35 NOTE  person being put onto pathway :38 : AbdelsJourney
16:02:35 NOTE  Error rendering template KAFKA_Observation.txt : <class 'jinja2.exceptions.UndefinedError'> 'list object' has no attribute 'code'
16:02:35 NOTE  Error rendering template KAFKA_Observation.txt : <class 'jinja2.exceptions.UndefinedError'> 'list object' has no attribute 'code'
16:02:35 NOTE  Error rendering template KAFKA_Observation.txt : <class 'jinja2.exceptions.UndefinedError'> 'list object' has no attribute 'code'
16:02:36 NOTE  Time elapsed: 23 seconds
