10:23:10 00001 INFO: Starting...
10:23:10 00111 INFO: Creating 50 patients.
10:23:10 00112 INFO: Reading file: FakeNameGeneratorShr.csv.
10:23:10 00113 INFO: Found name generator file: FakeNameGeneratorShr.csv
10:23:10 00112 INFO: Reading file: PopulationStatistics.csv.
10:23:10 00113 INFO: Found domain statistics file: PopulationStatistics.csv
10:23:10 00112 INFO: Reading file: ShrewsburyStats.csv.
10:23:10 00113 INFO: Found area statistics file: ShrewsburyStats.csv
10:23:10 00114 INFO: Dealing with area type: Ward
10:23:14 00101 INFO: Adding pathway file 'MichaelJourney.bpmn' to validation list
10:23:14 00101 INFO: Adding pathway file 'ChildGender.dmn' to validation list
10:23:14 00101 INFO: Adding pathway file 'GPVisit.dmn' to validation list
10:23:14 NOTE  invalid DMN model
10:23:14 21008 WARNING: Files not valid against information items. Check the validation log for details.
10:23:14 00107 INFO: Validating pathways.
10:23:14 00108 INFO: Importing pathway file Resources/Files/Pathway/BPMN/MichaelJourney.bpmn
10:23:14 00109 INFO: Pathways validated.
10:23:14 00110 INFO: Importing pathways successful.
10:23:14 NOTE  person being put onto pathway :23 : MichaelJourney
10:23:19 NOTE  person being put onto pathway :24 : MichaelJourney
10:23:20 NOTE  person being put onto pathway :30 : MichaelJourney
10:23:20 NOTE  person being put onto pathway :36 : MichaelJourney
10:23:20 NOTE  person being put onto pathway :22 : MichaelJourney
10:23:21 NOTE  person being put onto pathway :1 : MichaelJourney
10:23:21 NOTE  person being put onto pathway :2 : MichaelJourney
10:23:22 NOTE  person being put onto pathway :38 : MichaelJourney
10:23:22 NOTE  person being put onto pathway :29 : MichaelJourney
10:23:23 NOTE  person being put onto pathway :31 : MichaelJourney
10:23:23 NOTE  person being put onto pathway :48 : MichaelJourney
10:23:24 NOTE  person being put onto pathway :9 : MichaelJourney
10:23:24 NOTE  person being put onto pathway :14 : MichaelJourney
10:23:25 NOTE  person being put onto pathway :17 : MichaelJourney
10:23:26 NOTE  person being put onto pathway :41 : MichaelJourney
10:23:26 NOTE  person being put onto pathway :37 : MichaelJourney
10:23:26 NOTE  person being put onto pathway :19 : MichaelJourney
10:23:27 NOTE  person being put onto pathway :3 : MichaelJourney
10:23:27 NOTE  person being put onto pathway :15 : MichaelJourney
10:23:28 NOTE  person being put onto pathway :12 : MichaelJourney
10:23:28 NOTE  person being put onto pathway :7 : MichaelJourney
10:23:29 NOTE  person being put onto pathway :45 : MichaelJourney
10:23:30 NOTE  person being put onto pathway :25 : MichaelJourney
10:23:30 NOTE  person being put onto pathway :11 : MichaelJourney
10:23:31 NOTE  person being put onto pathway :50 : MichaelJourney
10:23:31 NOTE  person being put onto pathway :49 : MichaelJourney
10:23:32 NOTE  person being put onto pathway :6 : MichaelJourney
10:23:32 NOTE  person being put onto pathway :8 : MichaelJourney
10:23:33 NOTE  person being put onto pathway :44 : MichaelJourney
10:23:33 NOTE  person being put onto pathway :0 : MichaelJourney
10:23:34 NOTE  person being put onto pathway :28 : MichaelJourney
10:23:34 NOTE  person being put onto pathway :34 : MichaelJourney
10:23:35 NOTE  person being put onto pathway :27 : MichaelJourney
10:23:36 NOTE  person being put onto pathway :10 : MichaelJourney
10:23:36 NOTE  person being put onto pathway :16 : MichaelJourney
10:23:37 NOTE  person being put onto pathway :20 : MichaelJourney
10:23:37 NOTE  person being put onto pathway :33 : MichaelJourney
10:23:38 NOTE  person being put onto pathway :5 : MichaelJourney
10:23:38 NOTE  person being put onto pathway :18 : MichaelJourney
10:23:38 NOTE  person being put onto pathway :32 : MichaelJourney
10:23:39 NOTE  person being put onto pathway :26 : MichaelJourney
10:23:39 NOTE  person being put onto pathway :4 : MichaelJourney
10:23:40 NOTE  person being put onto pathway :13 : MichaelJourney
10:23:41 NOTE  person being put onto pathway :42 : MichaelJourney
10:23:41 NOTE  person being put onto pathway :21 : MichaelJourney
10:23:42 NOTE  person being put onto pathway :39 : MichaelJourney
10:23:42 NOTE  person being put onto pathway :35 : MichaelJourney
10:23:43 NOTE  person being put onto pathway :40 : MichaelJourney
10:23:43 NOTE  person being put onto pathway :43 : MichaelJourney
10:23:44 NOTE  person being put onto pathway :47 : MichaelJourney
10:23:44 NOTE  person being put onto pathway :46 : MichaelJourney
10:23:45 NOTE  Time elapsed: 35 seconds
