17:01:07 NOTE  title :Individuals Count of Events
17:01:07 NOTE  xlabels :['00: Danielle Chandler', '01: Jodie Perkins', '02: Cerys Long', '03: Kayleigh Cooper', '04: Harley Pearson', '05: Owen Daly', '06: Dylan Bradley', '07: Jack Brennan', '08: Sofia Vaughan', '09: Natasha Long', '10: Billy Chamberlain', '11: Naomi Clarke', '12: Alexandra Pearson', '13: Jonathan Stevenson', '14: Alicia Bevan', '15: Isaac Cook', '16: Matilda Mistry', '17: Rosie Cunningham', '18: Ryan Mason', '19: Corey Watkins', '20: Georgina Hussain', '21: Joseph Hobbs', '22: Lewis Myers', '23: Yasmin Wilkinson', '24: Keira Anderson', '25: Adam Campbell', '26: Peter Dickinson', '27: Eva Barry', '28: Robert Evans', '29: Andrew Godfrey', '30: Benjamin Byrne', '31: John Bolton', '32: Alicia Jones', '33: Reece King', '34: Morgan Davis', '35: Lucy Hancock', '36: Charles Power', '37: Tegan Walsh', '38: Edward Baxter', '39: Peter Ross', '40: Elise Burton', '41: Gabriel Dixon', '42: Lara Preston', '43: Maddison Johnston', '44: Muhammad Hardy', '45: Logan Rose', '46: Christopher Baxter', '47: Ethan Brady', '48: John Bolton', '49: Alexandra Davison', '50: Joel Davies']
17:01:07 NOTE  ylabels :['MichaelJourney:WaitToSeeGP', 'MichaelJourney:GPvisit', 'MichaelJourney:Wait4Pharmacy', 'MichaelJourney:PharmacyVisit', 'MichaelJourney:Wait4Park', 'MichaelJourney:ParrkVisit', 'MichaelJourney:Wait4Ambulance', 'MichaelJourney:AmbulanceTrip', 'MichaelJourney:Wiat4ED', 'MichaelJourney:EmergencyDept', 'MichaelJourney:Wait4Ward', 'MichaelJourney:Admit2Ward', 'MichaelJourney:Wait4Prepare4Discharge', 'MichaelJourney:Prepare4Discharge', 'MichaelJourney:Wait4Discharge', 'MichaelJourney:Discharge', 'MichaelJourney:Wait4PHR', 'MichaelJourney:UpdatePHR', 'MichaelJourney:Wait4OPMakeAppt', 'MichaelJourney:CreateOutpatientAppt', 'MichaelJourney:Wait4OutpatientAppt', 'MichaelJourney:AttendOutpatients', 'MichaelJourney:Finish']
17:01:07 NOTE  data :{'index': array([737, 992,  23, ..., 765, 612,   0]), 'Pathway:Node': array(['MichaelJourney:Wait4Discharge',
       'MichaelJourney:CreateOutpatientAppt',
       'MichaelJourney:WaitToSeeGP', ..., 'MichaelJourney:Discharge',
       'MichaelJourney:Wait4Prepare4Discharge',
       'MichaelJourney:WaitToSeeGP'], dtype=object), 'Person': array(['00: Danielle Chandler', '00: Danielle Chandler',
       '00: Danielle Chandler', ..., '50: Joel Davies', '50: Joel Davies',
       '50: Joel Davies'], dtype=object), 'Count': array([1, 1, 1, ..., 1, 1, 1]), 'ScaledSize': array([15., 15., 15., ..., 15., 15., 15.])}
17:01:07 NOTE  title :Events by Decade
17:01:07 NOTE  xlabels :['1920', '1930', '1940', '1950', '1960', '1970', '1980', '1990', '2000', '2010']
17:01:07 NOTE  ylabels :['MichaelJourney:WaitToSeeGP', 'MichaelJourney:GPvisit', 'MichaelJourney:Wait4Pharmacy', 'MichaelJourney:PharmacyVisit', 'MichaelJourney:Wait4Park', 'MichaelJourney:ParrkVisit', 'MichaelJourney:Wait4Ambulance', 'MichaelJourney:AmbulanceTrip', 'MichaelJourney:Wiat4ED', 'MichaelJourney:EmergencyDept', 'MichaelJourney:Wait4Ward', 'MichaelJourney:Admit2Ward', 'MichaelJourney:Wait4Prepare4Discharge', 'MichaelJourney:Prepare4Discharge', 'MichaelJourney:Wait4Discharge', 'MichaelJourney:Discharge', 'MichaelJourney:Wait4PHR', 'MichaelJourney:UpdatePHR', 'MichaelJourney:Wait4OPMakeAppt', 'MichaelJourney:CreateOutpatientAppt', 'MichaelJourney:Wait4OutpatientAppt', 'MichaelJourney:AttendOutpatients', 'MichaelJourney:Finish']
17:01:07 NOTE  data :{'index': array([  0,   1,   2,   3,   4,   5,   6,   7,   8,   9,  10,  11,  12,
        13,  14,  15,  16,  17,  18,  19,  20,  21,  22,  23,  24,  25,
        26,  27,  28,  29,  30,  31,  32,  33,  34,  35,  36,  37,  38,
        39,  40,  41,  42,  43,  44,  45,  46,  47,  48,  49,  50,  51,
        52,  53,  54,  55,  56,  57,  58,  59,  60,  61,  62,  63,  64,
        65,  66,  67,  68,  69,  70,  71,  72,  73,  74,  75,  76,  77,
        78,  79,  80,  81,  82,  83,  84,  85,  86,  87,  88,  89,  90,
        91,  92,  93,  94,  95,  96,  97,  98,  99, 100, 101, 102, 103,
       104, 105, 106, 107, 108, 109, 110, 111, 112, 113, 114, 115, 116,
       117, 118, 119, 120, 121, 122, 123, 124, 125, 126, 127, 128, 129,
       130, 131, 132, 133, 134, 135, 136, 137, 138, 139, 140, 141, 142,
       143, 144, 145, 146, 147, 148, 149, 150, 151, 152, 153, 154, 155,
       156, 157, 158, 159, 160, 161, 162, 163, 164, 165, 166, 167, 168,
       169, 170, 171, 172, 173, 174, 175, 176, 177, 178, 179, 180, 181,
       182, 183, 184, 185, 186, 187, 188, 189, 190, 191, 192, 193, 194,
       195, 196, 197, 198, 199, 200, 201, 202, 203, 204, 205, 206, 207,
       208, 209, 210, 211, 212, 213, 214, 215, 216, 217, 218, 219, 220,
       221, 222, 223, 224, 225, 226, 227, 228, 229]), 'Pathway:Node': array(['MichaelJourney:WaitToSeeGP', 'MichaelJourney:WaitToSeeGP',
       'MichaelJourney:WaitToSeeGP', 'MichaelJourney:WaitToSeeGP',
       'MichaelJourney:WaitToSeeGP', 'MichaelJourney:WaitToSeeGP',
       'MichaelJourney:WaitToSeeGP', 'MichaelJourney:WaitToSeeGP',
       'MichaelJourney:WaitToSeeGP', 'MichaelJourney:WaitToSeeGP',
       'MichaelJourney:GPvisit', 'MichaelJourney:GPvisit',
       'MichaelJourney:GPvisit', 'MichaelJourney:GPvisit',
       'MichaelJourney:GPvisit', 'MichaelJourney:GPvisit',
       'MichaelJourney:GPvisit', 'MichaelJourney:GPvisit',
       'MichaelJourney:GPvisit', 'MichaelJourney:GPvisit',
       'MichaelJourney:Wait4Pharmacy', 'MichaelJourney:Wait4Pharmacy',
       'MichaelJourney:Wait4Pharmacy', 'MichaelJourney:Wait4Pharmacy',
       'MichaelJourney:Wait4Pharmacy', 'MichaelJourney:Wait4Pharmacy',
       'MichaelJourney:Wait4Pharmacy', 'MichaelJourney:Wait4Pharmacy',
       'MichaelJourney:Wait4Pharmacy', 'MichaelJourney:Wait4Pharmacy',
       'MichaelJourney:PharmacyVisit', 'MichaelJourney:PharmacyVisit',
       'MichaelJourney:PharmacyVisit', 'MichaelJourney:PharmacyVisit',
       'MichaelJourney:PharmacyVisit', 'MichaelJourney:PharmacyVisit',
       'MichaelJourney:PharmacyVisit', 'MichaelJourney:PharmacyVisit',
       'MichaelJourney:PharmacyVisit', 'MichaelJourney:PharmacyVisit',
       'MichaelJourney:Wait4Park', 'MichaelJourney:Wait4Park',
       'MichaelJourney:Wait4Park', 'MichaelJourney:Wait4Park',
       'MichaelJourney:Wait4Park', 'MichaelJourney:Wait4Park',
       'MichaelJourney:Wait4Park', 'MichaelJourney:Wait4Park',
       'MichaelJourney:Wait4Park', 'MichaelJourney:Wait4Park',
       'MichaelJourney:ParrkVisit', 'MichaelJourney:ParrkVisit',
       'MichaelJourney:ParrkVisit', 'MichaelJourney:ParrkVisit',
       'MichaelJourney:ParrkVisit', 'MichaelJourney:ParrkVisit',
       'MichaelJourney:ParrkVisit', 'MichaelJourney:ParrkVisit',
       'MichaelJourney:ParrkVisit', 'MichaelJourney:ParrkVisit',
       'MichaelJourney:Wait4Ambulance', 'MichaelJourney:Wait4Ambulance',
       'MichaelJourney:Wait4Ambulance', 'MichaelJourney:Wait4Ambulance',
       'MichaelJourney:Wait4Ambulance', 'MichaelJourney:Wait4Ambulance',
       'MichaelJourney:Wait4Ambulance', 'MichaelJourney:Wait4Ambulance',
       'MichaelJourney:Wait4Ambulance', 'MichaelJourney:Wait4Ambulance',
       'MichaelJourney:AmbulanceTrip', 'MichaelJourney:AmbulanceTrip',
       'MichaelJourney:AmbulanceTrip', 'MichaelJourney:AmbulanceTrip',
       'MichaelJourney:AmbulanceTrip', 'MichaelJourney:AmbulanceTrip',
       'MichaelJourney:AmbulanceTrip', 'MichaelJourney:AmbulanceTrip',
       'MichaelJourney:AmbulanceTrip', 'MichaelJourney:AmbulanceTrip',
       'MichaelJourney:Wiat4ED', 'MichaelJourney:Wiat4ED',
       'MichaelJourney:Wiat4ED', 'MichaelJourney:Wiat4ED',
       'MichaelJourney:Wiat4ED', 'MichaelJourney:Wiat4ED',
       'MichaelJourney:Wiat4ED', 'MichaelJourney:Wiat4ED',
       'MichaelJourney:Wiat4ED', 'MichaelJourney:Wiat4ED',
       'MichaelJourney:EmergencyDept', 'MichaelJourney:EmergencyDept',
       'MichaelJourney:EmergencyDept', 'MichaelJourney:EmergencyDept',
       'MichaelJourney:EmergencyDept', 'MichaelJourney:EmergencyDept',
       'MichaelJourney:EmergencyDept', 'MichaelJourney:EmergencyDept',
       'MichaelJourney:EmergencyDept', 'MichaelJourney:EmergencyDept',
       'MichaelJourney:Wait4Ward', 'MichaelJourney:Wait4Ward',
       'MichaelJourney:Wait4Ward', 'MichaelJourney:Wait4Ward',
       'MichaelJourney:Wait4Ward', 'MichaelJourney:Wait4Ward',
       'MichaelJourney:Wait4Ward', 'MichaelJourney:Wait4Ward',
       'MichaelJourney:Wait4Ward', 'MichaelJourney:Wait4Ward',
       'MichaelJourney:Admit2Ward', 'MichaelJourney:Admit2Ward',
       'MichaelJourney:Admit2Ward', 'MichaelJourney:Admit2Ward',
       'MichaelJourney:Admit2Ward', 'MichaelJourney:Admit2Ward',
       'MichaelJourney:Admit2Ward', 'MichaelJourney:Admit2Ward',
       'MichaelJourney:Admit2Ward', 'MichaelJourney:Admit2Ward',
       'MichaelJourney:Wait4Prepare4Discharge',
       'MichaelJourney:Wait4Prepare4Discharge',
       'MichaelJourney:Wait4Prepare4Discharge',
       'MichaelJourney:Wait4Prepare4Discharge',
       'MichaelJourney:Wait4Prepare4Discharge',
       'MichaelJourney:Wait4Prepare4Discharge',
       'MichaelJourney:Wait4Prepare4Discharge',
       'MichaelJourney:Wait4Prepare4Discharge',
       'MichaelJourney:Wait4Prepare4Discharge',
       'MichaelJourney:Wait4Prepare4Discharge',
       'MichaelJourney:Prepare4Discharge',
       'MichaelJourney:Prepare4Discharge',
       'MichaelJourney:Prepare4Discharge',
       'MichaelJourney:Prepare4Discharge',
       'MichaelJourney:Prepare4Discharge',
       'MichaelJourney:Prepare4Discharge',
       'MichaelJourney:Prepare4Discharge',
       'MichaelJourney:Prepare4Discharge',
       'MichaelJourney:Prepare4Discharge',
       'MichaelJourney:Prepare4Discharge',
       'MichaelJourney:Wait4Discharge', 'MichaelJourney:Wait4Discharge',
       'MichaelJourney:Wait4Discharge', 'MichaelJourney:Wait4Discharge',
       'MichaelJourney:Wait4Discharge', 'MichaelJourney:Wait4Discharge',
       'MichaelJourney:Wait4Discharge', 'MichaelJourney:Wait4Discharge',
       'MichaelJourney:Wait4Discharge', 'MichaelJourney:Wait4Discharge',
       'MichaelJourney:Discharge', 'MichaelJourney:Discharge',
       'MichaelJourney:Discharge', 'MichaelJourney:Discharge',
       'MichaelJourney:Discharge', 'MichaelJourney:Discharge',
       'MichaelJourney:Discharge', 'MichaelJourney:Discharge',
       'MichaelJourney:Discharge', 'MichaelJourney:Discharge',
       'MichaelJourney:Wait4PHR', 'MichaelJourney:Wait4PHR',
       'MichaelJourney:Wait4PHR', 'MichaelJourney:Wait4PHR',
       'MichaelJourney:Wait4PHR', 'MichaelJourney:Wait4PHR',
       'MichaelJourney:Wait4PHR', 'MichaelJourney:Wait4PHR',
       'MichaelJourney:Wait4PHR', 'MichaelJourney:Wait4PHR',
       'MichaelJourney:UpdatePHR', 'MichaelJourney:UpdatePHR',
       'MichaelJourney:UpdatePHR', 'MichaelJourney:UpdatePHR',
       'MichaelJourney:UpdatePHR', 'MichaelJourney:UpdatePHR',
       'MichaelJourney:UpdatePHR', 'MichaelJourney:UpdatePHR',
       'MichaelJourney:UpdatePHR', 'MichaelJourney:UpdatePHR',
       'MichaelJourney:Wait4OPMakeAppt', 'MichaelJourney:Wait4OPMakeAppt',
       'MichaelJourney:Wait4OPMakeAppt', 'MichaelJourney:Wait4OPMakeAppt',
       'MichaelJourney:Wait4OPMakeAppt', 'MichaelJourney:Wait4OPMakeAppt',
       'MichaelJourney:Wait4OPMakeAppt', 'MichaelJourney:Wait4OPMakeAppt',
       'MichaelJourney:Wait4OPMakeAppt', 'MichaelJourney:Wait4OPMakeAppt',
       'MichaelJourney:CreateOutpatientAppt',
       'MichaelJourney:CreateOutpatientAppt',
       'MichaelJourney:CreateOutpatientAppt',
       'MichaelJourney:CreateOutpatientAppt',
       'MichaelJourney:CreateOutpatientAppt',
       'MichaelJourney:CreateOutpatientAppt',
       'MichaelJourney:CreateOutpatientAppt',
       'MichaelJourney:CreateOutpatientAppt',
       'MichaelJourney:CreateOutpatientAppt',
       'MichaelJourney:CreateOutpatientAppt',
       'MichaelJourney:Wait4OutpatientAppt',
       'MichaelJourney:Wait4OutpatientAppt',
       'MichaelJourney:Wait4OutpatientAppt',
       'MichaelJourney:Wait4OutpatientAppt',
       'MichaelJourney:Wait4OutpatientAppt',
       'MichaelJourney:Wait4OutpatientAppt',
       'MichaelJourney:Wait4OutpatientAppt',
       'MichaelJourney:Wait4OutpatientAppt',
       'MichaelJourney:Wait4OutpatientAppt',
       'MichaelJourney:Wait4OutpatientAppt',
       'MichaelJourney:AttendOutpatients',
       'MichaelJourney:AttendOutpatients',
       'MichaelJourney:AttendOutpatients',
       'MichaelJourney:AttendOutpatients',
       'MichaelJourney:AttendOutpatients',
       'MichaelJourney:AttendOutpatients',
       'MichaelJourney:AttendOutpatients',
       'MichaelJourney:AttendOutpatients',
       'MichaelJourney:AttendOutpatients',
       'MichaelJourney:AttendOutpatients', 'MichaelJourney:Finish',
       'MichaelJourney:Finish', 'MichaelJourney:Finish',
       'MichaelJourney:Finish', 'MichaelJourney:Finish',
       'MichaelJourney:Finish', 'MichaelJourney:Finish',
       'MichaelJourney:Finish', 'MichaelJourney:Finish',
       'MichaelJourney:Finish'], dtype=object), 'Date': array(['1920', '1930', '1940', '1950', '1960', '1970', '1980', '1990',
       '2000', '2010', '1920', '1930', '1940', '1950', '1960', '1970',
       '1980', '1990', '2000', '2010', '1920', '1930', '1940', '1950',
       '1960', '1970', '1980', '1990', '2000', '2010', '1920', '1930',
       '1940', '1950', '1960', '1970', '1980', '1990', '2000', '2010',
       '1920', '1930', '1940', '1950', '1960', '1970', '1980', '1990',
       '2000', '2010', '1920', '1930', '1940', '1950', '1960', '1970',
       '1980', '1990', '2000', '2010', '1920', '1930', '1940', '1950',
       '1960', '1970', '1980', '1990', '2000', '2010', '1920', '1930',
       '1940', '1950', '1960', '1970', '1980', '1990', '2000', '2010',
       '1920', '1930', '1940', '1950', '1960', '1970', '1980', '1990',
       '2000', '2010', '1920', '1930', '1940', '1950', '1960', '1970',
       '1980', '1990', '2000', '2010', '1920', '1930', '1940', '1950',
       '1960', '1970', '1980', '1990', '2000', '2010', '1920', '1930',
       '1940', '1950', '1960', '1970', '1980', '1990', '2000', '2010',
       '1920', '1930', '1940', '1950', '1960', '1970', '1980', '1990',
       '2000', '2010', '1920', '1930', '1940', '1950', '1960', '1970',
       '1980', '1990', '2000', '2010', '1920', '1930', '1940', '1950',
       '1960', '1970', '1980', '1990', '2000', '2010', '1920', '1930',
       '1940', '1950', '1960', '1970', '1980', '1990', '2000', '2010',
       '1920', '1930', '1940', '1950', '1960', '1970', '1980', '1990',
       '2000', '2010', '1920', '1930', '1940', '1950', '1960', '1970',
       '1980', '1990', '2000', '2010', '1920', '1930', '1940', '1950',
       '1960', '1970', '1980', '1990', '2000', '2010', '1920', '1930',
       '1940', '1950', '1960', '1970', '1980', '1990', '2000', '2010',
       '1920', '1930', '1940', '1950', '1960', '1970', '1980', '1990',
       '2000', '2010', '1920', '1930', '1940', '1950', '1960', '1970',
       '1980', '1990', '2000', '2010', '1920', '1930', '1940', '1950',
       '1960', '1970', '1980', '1990', '2000', '2010'], dtype=object), 'UniqueCount': array([1, 2, 7, 5, 7, 5, 2, 7, 8, 7, 1, 2, 7, 4, 8, 5, 2, 7, 8, 7, 1, 2,
       7, 4, 8, 5, 2, 7, 8, 7, 1, 2, 7, 4, 8, 5, 2, 7, 8, 7, 1, 2, 7, 4,
       8, 5, 2, 7, 8, 7, 1, 2, 7, 3, 9, 5, 2, 7, 8, 7, 1, 2, 7, 3, 9, 5,
       2, 7, 8, 7, 1, 2, 7, 3, 9, 5, 2, 7, 8, 7, 1, 2, 7, 3, 9, 5, 2, 7,
       8, 7, 1, 2, 7, 3, 9, 5, 2, 7, 8, 7, 1, 2, 7, 3, 9, 5, 2, 7, 8, 7,
       1, 2, 7, 3, 9, 5, 2, 7, 8, 7, 1, 2, 7, 3, 9, 5, 2, 7, 8, 7, 1, 2,
       7, 3, 9, 5, 2, 7, 8, 7, 1, 2, 7, 3, 9, 5, 2, 7, 8, 7, 1, 2, 7, 3,
       9, 5, 2, 7, 8, 7, 1, 2, 7, 3, 9, 5, 2, 7, 8, 7, 1, 2, 7, 3, 9, 5,
       2, 7, 8, 7, 1, 2, 7, 3, 9, 5, 2, 7, 8, 7, 1, 2, 7, 3, 9, 5, 2, 7,
       8, 7, 1, 2, 7, 3, 9, 5, 2, 7, 8, 7, 1, 2, 7, 3, 9, 5, 2, 7, 8, 7,
       1, 2, 7, 3, 9, 5, 2, 7, 8, 7]), 'ScaledSize': array([ 3.33333333,  6.66666667, 23.33333333, 16.66666667, 23.33333333,
       16.66666667,  6.66666667, 23.33333333, 26.66666667, 23.33333333,
        3.33333333,  6.66666667, 23.33333333, 13.33333333, 26.66666667,
       16.66666667,  6.66666667, 23.33333333, 26.66666667, 23.33333333,
        3.33333333,  6.66666667, 23.33333333, 13.33333333, 26.66666667,
       16.66666667,  6.66666667, 23.33333333, 26.66666667, 23.33333333,
        3.33333333,  6.66666667, 23.33333333, 13.33333333, 26.66666667,
       16.66666667,  6.66666667, 23.33333333, 26.66666667, 23.33333333,
        3.33333333,  6.66666667, 23.33333333, 13.33333333, 26.66666667,
       16.66666667,  6.66666667, 23.33333333, 26.66666667, 23.33333333,
        3.33333333,  6.66666667, 23.33333333, 10.        , 30.        ,
       16.66666667,  6.66666667, 23.33333333, 26.66666667, 23.33333333,
        3.33333333,  6.66666667, 23.33333333, 10.        , 30.        ,
       16.66666667,  6.66666667, 23.33333333, 26.66666667, 23.33333333,
        3.33333333,  6.66666667, 23.33333333, 10.        , 30.        ,
       16.66666667,  6.66666667, 23.33333333, 26.66666667, 23.33333333,
        3.33333333,  6.66666667, 23.33333333, 10.        , 30.        ,
       16.66666667,  6.66666667, 23.33333333, 26.66666667, 23.33333333,
        3.33333333,  6.66666667, 23.33333333, 10.        , 30.        ,
       16.66666667,  6.66666667, 23.33333333, 26.66666667, 23.33333333,
        3.33333333,  6.66666667, 23.33333333, 10.        , 30.        ,
       16.66666667,  6.66666667, 23.33333333, 26.66666667, 23.33333333,
        3.33333333,  6.66666667, 23.33333333, 10.        , 30.        ,
       16.66666667,  6.66666667, 23.33333333, 26.66666667, 23.33333333,
        3.33333333,  6.66666667, 23.33333333, 10.        , 30.        ,
       16.66666667,  6.66666667, 23.33333333, 26.66666667, 23.33333333,
        3.33333333,  6.66666667, 23.33333333, 10.        , 30.        ,
       16.66666667,  6.66666667, 23.33333333, 26.66666667, 23.33333333,
        3.33333333,  6.66666667, 23.33333333, 10.        , 30.        ,
       16.66666667,  6.66666667, 23.33333333, 26.66666667, 23.33333333,
        3.33333333,  6.66666667, 23.33333333, 10.        , 30.        ,
       16.66666667,  6.66666667, 23.33333333, 26.66666667, 23.33333333,
        3.33333333,  6.66666667, 23.33333333, 10.        , 30.        ,
       16.66666667,  6.66666667, 23.33333333, 26.66666667, 23.33333333,
        3.33333333,  6.66666667, 23.33333333, 10.        , 30.        ,
       16.66666667,  6.66666667, 23.33333333, 26.66666667, 23.33333333,
        3.33333333,  6.66666667, 23.33333333, 10.        , 30.        ,
       16.66666667,  6.66666667, 23.33333333, 26.66666667, 23.33333333,
        3.33333333,  6.66666667, 23.33333333, 10.        , 30.        ,
       16.66666667,  6.66666667, 23.33333333, 26.66666667, 23.33333333,
        3.33333333,  6.66666667, 23.33333333, 10.        , 30.        ,
       16.66666667,  6.66666667, 23.33333333, 26.66666667, 23.33333333,
        3.33333333,  6.66666667, 23.33333333, 10.        , 30.        ,
       16.66666667,  6.66666667, 23.33333333, 26.66666667, 23.33333333,
        3.33333333,  6.66666667, 23.33333333, 10.        , 30.        ,
       16.66666667,  6.66666667, 23.33333333, 26.66666667, 23.33333333])}
17:01:07 NOTE  title :Individuals Events Over Time
17:01:07 NOTE  xlabels :None
17:01:07 NOTE  ylabels :['MichaelJourney:WaitToSeeGP', 'MichaelJourney:GPvisit', 'MichaelJourney:Wait4Pharmacy', 'MichaelJourney:PharmacyVisit', 'MichaelJourney:Wait4Park', 'MichaelJourney:ParrkVisit', 'MichaelJourney:Wait4Ambulance', 'MichaelJourney:AmbulanceTrip', 'MichaelJourney:Wiat4ED', 'MichaelJourney:EmergencyDept', 'MichaelJourney:Wait4Ward', 'MichaelJourney:Admit2Ward', 'MichaelJourney:Wait4Prepare4Discharge', 'MichaelJourney:Prepare4Discharge', 'MichaelJourney:Wait4Discharge', 'MichaelJourney:Discharge', 'MichaelJourney:Wait4PHR', 'MichaelJourney:UpdatePHR', 'MichaelJourney:Wait4OPMakeAppt', 'MichaelJourney:CreateOutpatientAppt', 'MichaelJourney:Wait4OutpatientAppt', 'MichaelJourney:AttendOutpatients', 'MichaelJourney:Finish']
17:01:07 NOTE  data :{'index': array([   0,    1,    2, ..., 1170, 1171, 1172]), 'Pathway:Node': array(['MichaelJourney:WaitToSeeGP', 'MichaelJourney:WaitToSeeGP',
       'MichaelJourney:WaitToSeeGP', ..., 'MichaelJourney:Finish',
       'MichaelJourney:Finish', 'MichaelJourney:Finish'], dtype=object), 'Date': array(['1926-12-11T00:00:00.000000000', '1936-02-20T00:00:00.000000000',
       '1937-04-02T00:00:00.000000000', ...,
       '2017-11-04T21:50:00.000000000', '2019-05-25T13:16:00.000000000',
       '2019-12-16T02:31:00.000000000'], dtype='datetime64[ns]'), 'PID': array(['50', '47', '38', ..., '45', '48', '6'], dtype=object)}
