10:23:45 NOTE  title :Individuals Count of Events
10:23:45 NOTE  xlabels :['00: Jamie Page', '01: Muhammad Baxter', '02: Demi Coles', '03: Francesca Evans', '04: Kieran Walsh', '05: Charles Wilkins', '06: Laura Wilson', '07: Tia Hall', '08: Jonathan Joyce', '09: Daniel Gould', '10: Laura Leonard', '11: Alicia Fitzgerald', '12: Muhammad Hilton', '13: Corey Wells', '14: Ben Nolan', '15: Andrew Burgess', '16: Christopher Russell', '17: Mollie Barnes', '18: Cerys Goddard', '19: Harvey Lawson', '20: Alfie Matthews', '21: Alice Armstrong', '22: Amy Black', '23: George Cook', '24: Thomas Frost', '25: Kayleigh North', '26: Emma Black', '27: Nicholas Briggs', '28: Corey Thomson', '29: Lauren Gibbons', '30: Alice Welch', '31: Georgia Williams', '32: Kieran Quinn', "33: Hannah O'Brien", '34: Benjamin Macdonald', '35: Courtney Bray', '36: Aimee West', '37: Ewan Warner', '38: Ellis Thorpe', '39: Christopher Miah', '40: Corey Cross', '41: Aaron Kerr', '42: Thomas Hope', '43: Declan West', '44: Abigail Davies', '45: Demi Hooper', '46: Aidan Davison', '47: Jack May', '48: James Shah', '49: Eleanor Howard', '50: Mohammed Cameron']
10:23:45 NOTE  ylabels :['MichaelJourney:WaitToSeeGP', 'MichaelJourney:GPvisit', 'MichaelJourney:Wait4Pharmacy', 'MichaelJourney:PharmacyVisit', 'MichaelJourney:Wait4Park', 'MichaelJourney:ParrkVisit', 'MichaelJourney:Wait4Ambulance', 'MichaelJourney:AmbulanceTrip', 'MichaelJourney:Wiat4ED', 'MichaelJourney:EmergencyDept', 'MichaelJourney:Wait4Ward', 'MichaelJourney:Admit2Ward', 'MichaelJourney:Wait4Prepare4Discharge', 'MichaelJourney:Prepare4Discharge', 'MichaelJourney:Wait4Discharge', 'MichaelJourney:Discharge', 'MichaelJourney:Wait4PHR', 'MichaelJourney:UpdatePHR', 'MichaelJourney:Wait4OPMakeAppt', 'MichaelJourney:CreateOutpatientAppt', 'MichaelJourney:Wait4OutpatientAppt', 'MichaelJourney:AttendOutpatients', 'MichaelJourney:Finish']
10:23:45 NOTE  data :{'index': array([1100,  437,  845, ...,  330,  738, 1044]), 'Pathway:Node': array(['MichaelJourney:AttendOutpatients', 'MichaelJourney:Wiat4ED',
       'MichaelJourney:Wait4PHR', ..., 'MichaelJourney:Wait4Ambulance',
       'MichaelJourney:Wait4Discharge',
       'MichaelJourney:Wait4OutpatientAppt'], dtype=object), 'Person': array(['00: Jamie Page', '00: Jamie Page', '00: Jamie Page', ...,
       '50: Mohammed Cameron', '50: Mohammed Cameron',
       '50: Mohammed Cameron'], dtype=object), 'Count': array([1, 1, 1, ..., 1, 1, 1]), 'ScaledSize': array([15., 15., 15., ..., 15., 15., 15.])}
10:23:45 NOTE  title :Events by Decade
10:23:45 NOTE  xlabels :['1930', '1940', '1950', '1960', '1970', '1980', '1990', '2000', '2010']
10:23:45 NOTE  ylabels :['MichaelJourney:WaitToSeeGP', 'MichaelJourney:GPvisit', 'MichaelJourney:Wait4Pharmacy', 'MichaelJourney:PharmacyVisit', 'MichaelJourney:Wait4Park', 'MichaelJourney:ParrkVisit', 'MichaelJourney:Wait4Ambulance', 'MichaelJourney:AmbulanceTrip', 'MichaelJourney:Wiat4ED', 'MichaelJourney:EmergencyDept', 'MichaelJourney:Wait4Ward', 'MichaelJourney:Admit2Ward', 'MichaelJourney:Wait4Prepare4Discharge', 'MichaelJourney:Prepare4Discharge', 'MichaelJourney:Wait4Discharge', 'MichaelJourney:Discharge', 'MichaelJourney:Wait4PHR', 'MichaelJourney:UpdatePHR', 'MichaelJourney:Wait4OPMakeAppt', 'MichaelJourney:CreateOutpatientAppt', 'MichaelJourney:Wait4OutpatientAppt', 'MichaelJourney:AttendOutpatients', 'MichaelJourney:Finish']
10:23:45 NOTE  data :{'index': array([  0,   1,   2,   3,   4,   5,   6,   7,   8,   9,  10,  11,  12,
        13,  14,  15,  16,  17,  18,  19,  20,  21,  22,  23,  24,  25,
        26,  27,  28,  29,  30,  31,  32,  33,  34,  35,  36,  37,  38,
        39,  40,  41,  42,  43,  44,  45,  46,  47,  48,  49,  50,  51,
        52,  53,  54,  55,  56,  57,  58,  59,  60,  61,  62,  63,  64,
        65,  66,  67,  68,  69,  70,  71,  72,  73,  74,  75,  76,  77,
        78,  79,  80,  81,  82,  83,  84,  85,  86,  87,  88,  89,  90,
        91,  92,  93,  94,  95,  96,  97,  98,  99, 100, 101, 102, 103,
       104, 105, 106, 107, 108, 109, 110, 111, 112, 113, 114, 115, 116,
       117, 118, 119, 120, 121, 122, 123, 124, 125, 126, 127, 128, 129,
       130, 131, 132, 133, 134, 135, 136, 137, 138, 139, 140, 141, 142,
       143, 144, 145, 146, 147, 148, 149, 150, 151, 152, 153, 154, 155,
       156, 157, 158, 159, 160, 161, 162, 163, 164, 165, 166, 167, 168,
       169, 170, 171, 172, 173, 174, 175, 176, 177, 178, 179, 180, 181,
       182, 183, 184, 185, 186, 187, 188, 189, 190, 191, 192, 193, 194,
       195, 196, 197, 198, 199, 200, 201, 202, 203, 204, 205, 206]), 'Pathway:Node': array(['MichaelJourney:WaitToSeeGP', 'MichaelJourney:WaitToSeeGP',
       'MichaelJourney:WaitToSeeGP', 'MichaelJourney:WaitToSeeGP',
       'MichaelJourney:WaitToSeeGP', 'MichaelJourney:WaitToSeeGP',
       'MichaelJourney:WaitToSeeGP', 'MichaelJourney:WaitToSeeGP',
       'MichaelJourney:WaitToSeeGP', 'MichaelJourney:GPvisit',
       'MichaelJourney:GPvisit', 'MichaelJourney:GPvisit',
       'MichaelJourney:GPvisit', 'MichaelJourney:GPvisit',
       'MichaelJourney:GPvisit', 'MichaelJourney:GPvisit',
       'MichaelJourney:GPvisit', 'MichaelJourney:GPvisit',
       'MichaelJourney:Wait4Pharmacy', 'MichaelJourney:Wait4Pharmacy',
       'MichaelJourney:Wait4Pharmacy', 'MichaelJourney:Wait4Pharmacy',
       'MichaelJourney:Wait4Pharmacy', 'MichaelJourney:Wait4Pharmacy',
       'MichaelJourney:Wait4Pharmacy', 'MichaelJourney:Wait4Pharmacy',
       'MichaelJourney:Wait4Pharmacy', 'MichaelJourney:PharmacyVisit',
       'MichaelJourney:PharmacyVisit', 'MichaelJourney:PharmacyVisit',
       'MichaelJourney:PharmacyVisit', 'MichaelJourney:PharmacyVisit',
       'MichaelJourney:PharmacyVisit', 'MichaelJourney:PharmacyVisit',
       'MichaelJourney:PharmacyVisit', 'MichaelJourney:PharmacyVisit',
       'MichaelJourney:Wait4Park', 'MichaelJourney:Wait4Park',
       'MichaelJourney:Wait4Park', 'MichaelJourney:Wait4Park',
       'MichaelJourney:Wait4Park', 'MichaelJourney:Wait4Park',
       'MichaelJourney:Wait4Park', 'MichaelJourney:Wait4Park',
       'MichaelJourney:Wait4Park', 'MichaelJourney:ParrkVisit',
       'MichaelJourney:ParrkVisit', 'MichaelJourney:ParrkVisit',
       'MichaelJourney:ParrkVisit', 'MichaelJourney:ParrkVisit',
       'MichaelJourney:ParrkVisit', 'MichaelJourney:ParrkVisit',
       'MichaelJourney:ParrkVisit', 'MichaelJourney:ParrkVisit',
       'MichaelJourney:Wait4Ambulance', 'MichaelJourney:Wait4Ambulance',
       'MichaelJourney:Wait4Ambulance', 'MichaelJourney:Wait4Ambulance',
       'MichaelJourney:Wait4Ambulance', 'MichaelJourney:Wait4Ambulance',
       'MichaelJourney:Wait4Ambulance', 'MichaelJourney:Wait4Ambulance',
       'MichaelJourney:Wait4Ambulance', 'MichaelJourney:AmbulanceTrip',
       'MichaelJourney:AmbulanceTrip', 'MichaelJourney:AmbulanceTrip',
       'MichaelJourney:AmbulanceTrip', 'MichaelJourney:AmbulanceTrip',
       'MichaelJourney:AmbulanceTrip', 'MichaelJourney:AmbulanceTrip',
       'MichaelJourney:AmbulanceTrip', 'MichaelJourney:AmbulanceTrip',
       'MichaelJourney:Wiat4ED', 'MichaelJourney:Wiat4ED',
       'MichaelJourney:Wiat4ED', 'MichaelJourney:Wiat4ED',
       'MichaelJourney:Wiat4ED', 'MichaelJourney:Wiat4ED',
       'MichaelJourney:Wiat4ED', 'MichaelJourney:Wiat4ED',
       'MichaelJourney:Wiat4ED', 'MichaelJourney:EmergencyDept',
       'MichaelJourney:EmergencyDept', 'MichaelJourney:EmergencyDept',
       'MichaelJourney:EmergencyDept', 'MichaelJourney:EmergencyDept',
       'MichaelJourney:EmergencyDept', 'MichaelJourney:EmergencyDept',
       'MichaelJourney:EmergencyDept', 'MichaelJourney:EmergencyDept',
       'MichaelJourney:Wait4Ward', 'MichaelJourney:Wait4Ward',
       'MichaelJourney:Wait4Ward', 'MichaelJourney:Wait4Ward',
       'MichaelJourney:Wait4Ward', 'MichaelJourney:Wait4Ward',
       'MichaelJourney:Wait4Ward', 'MichaelJourney:Wait4Ward',
       'MichaelJourney:Wait4Ward', 'MichaelJourney:Admit2Ward',
       'MichaelJourney:Admit2Ward', 'MichaelJourney:Admit2Ward',
       'MichaelJourney:Admit2Ward', 'MichaelJourney:Admit2Ward',
       'MichaelJourney:Admit2Ward', 'MichaelJourney:Admit2Ward',
       'MichaelJourney:Admit2Ward', 'MichaelJourney:Admit2Ward',
       'MichaelJourney:Wait4Prepare4Discharge',
       'MichaelJourney:Wait4Prepare4Discharge',
       'MichaelJourney:Wait4Prepare4Discharge',
       'MichaelJourney:Wait4Prepare4Discharge',
       'MichaelJourney:Wait4Prepare4Discharge',
       'MichaelJourney:Wait4Prepare4Discharge',
       'MichaelJourney:Wait4Prepare4Discharge',
       'MichaelJourney:Wait4Prepare4Discharge',
       'MichaelJourney:Wait4Prepare4Discharge',
       'MichaelJourney:Prepare4Discharge',
       'MichaelJourney:Prepare4Discharge',
       'MichaelJourney:Prepare4Discharge',
       'MichaelJourney:Prepare4Discharge',
       'MichaelJourney:Prepare4Discharge',
       'MichaelJourney:Prepare4Discharge',
       'MichaelJourney:Prepare4Discharge',
       'MichaelJourney:Prepare4Discharge',
       'MichaelJourney:Prepare4Discharge',
       'MichaelJourney:Wait4Discharge', 'MichaelJourney:Wait4Discharge',
       'MichaelJourney:Wait4Discharge', 'MichaelJourney:Wait4Discharge',
       'MichaelJourney:Wait4Discharge', 'MichaelJourney:Wait4Discharge',
       'MichaelJourney:Wait4Discharge', 'MichaelJourney:Wait4Discharge',
       'MichaelJourney:Wait4Discharge', 'MichaelJourney:Discharge',
       'MichaelJourney:Discharge', 'MichaelJourney:Discharge',
       'MichaelJourney:Discharge', 'MichaelJourney:Discharge',
       'MichaelJourney:Discharge', 'MichaelJourney:Discharge',
       'MichaelJourney:Discharge', 'MichaelJourney:Discharge',
       'MichaelJourney:Wait4PHR', 'MichaelJourney:Wait4PHR',
       'MichaelJourney:Wait4PHR', 'MichaelJourney:Wait4PHR',
       'MichaelJourney:Wait4PHR', 'MichaelJourney:Wait4PHR',
       'MichaelJourney:Wait4PHR', 'MichaelJourney:Wait4PHR',
       'MichaelJourney:Wait4PHR', 'MichaelJourney:UpdatePHR',
       'MichaelJourney:UpdatePHR', 'MichaelJourney:UpdatePHR',
       'MichaelJourney:UpdatePHR', 'MichaelJourney:UpdatePHR',
       'MichaelJourney:UpdatePHR', 'MichaelJourney:UpdatePHR',
       'MichaelJourney:UpdatePHR', 'MichaelJourney:UpdatePHR',
       'MichaelJourney:Wait4OPMakeAppt', 'MichaelJourney:Wait4OPMakeAppt',
       'MichaelJourney:Wait4OPMakeAppt', 'MichaelJourney:Wait4OPMakeAppt',
       'MichaelJourney:Wait4OPMakeAppt', 'MichaelJourney:Wait4OPMakeAppt',
       'MichaelJourney:Wait4OPMakeAppt', 'MichaelJourney:Wait4OPMakeAppt',
       'MichaelJourney:Wait4OPMakeAppt',
       'MichaelJourney:CreateOutpatientAppt',
       'MichaelJourney:CreateOutpatientAppt',
       'MichaelJourney:CreateOutpatientAppt',
       'MichaelJourney:CreateOutpatientAppt',
       'MichaelJourney:CreateOutpatientAppt',
       'MichaelJourney:CreateOutpatientAppt',
       'MichaelJourney:CreateOutpatientAppt',
       'MichaelJourney:CreateOutpatientAppt',
       'MichaelJourney:CreateOutpatientAppt',
       'MichaelJourney:Wait4OutpatientAppt',
       'MichaelJourney:Wait4OutpatientAppt',
       'MichaelJourney:Wait4OutpatientAppt',
       'MichaelJourney:Wait4OutpatientAppt',
       'MichaelJourney:Wait4OutpatientAppt',
       'MichaelJourney:Wait4OutpatientAppt',
       'MichaelJourney:Wait4OutpatientAppt',
       'MichaelJourney:Wait4OutpatientAppt',
       'MichaelJourney:Wait4OutpatientAppt',
       'MichaelJourney:AttendOutpatients',
       'MichaelJourney:AttendOutpatients',
       'MichaelJourney:AttendOutpatients',
       'MichaelJourney:AttendOutpatients',
       'MichaelJourney:AttendOutpatients',
       'MichaelJourney:AttendOutpatients',
       'MichaelJourney:AttendOutpatients',
       'MichaelJourney:AttendOutpatients',
       'MichaelJourney:AttendOutpatients', 'MichaelJourney:Finish',
       'MichaelJourney:Finish', 'MichaelJourney:Finish',
       'MichaelJourney:Finish', 'MichaelJourney:Finish',
       'MichaelJourney:Finish', 'MichaelJourney:Finish',
       'MichaelJourney:Finish', 'MichaelJourney:Finish'], dtype=object), 'Date': array(['1930', '1940', '1950', '1960', '1970', '1980', '1990', '2000',
       '2010', '1930', '1940', '1950', '1960', '1970', '1980', '1990',
       '2000', '2010', '1930', '1940', '1950', '1960', '1970', '1980',
       '1990', '2000', '2010', '1930', '1940', '1950', '1960', '1970',
       '1980', '1990', '2000', '2010', '1930', '1940', '1950', '1960',
       '1970', '1980', '1990', '2000', '2010', '1930', '1940', '1950',
       '1960', '1970', '1980', '1990', '2000', '2010', '1930', '1940',
       '1950', '1960', '1970', '1980', '1990', '2000', '2010', '1930',
       '1940', '1950', '1960', '1970', '1980', '1990', '2000', '2010',
       '1930', '1940', '1950', '1960', '1970', '1980', '1990', '2000',
       '2010', '1930', '1940', '1950', '1960', '1970', '1980', '1990',
       '2000', '2010', '1930', '1940', '1950', '1960', '1970', '1980',
       '1990', '2000', '2010', '1930', '1940', '1950', '1960', '1970',
       '1980', '1990', '2000', '2010', '1930', '1940', '1950', '1960',
       '1970', '1980', '1990', '2000', '2010', '1930', '1940', '1950',
       '1960', '1970', '1980', '1990', '2000', '2010', '1930', '1940',
       '1950', '1960', '1970', '1980', '1990', '2000', '2010', '1930',
       '1940', '1950', '1960', '1970', '1980', '1990', '2000', '2010',
       '1930', '1940', '1950', '1960', '1970', '1980', '1990', '2000',
       '2010', '1930', '1940', '1950', '1960', '1970', '1980', '1990',
       '2000', '2010', '1930', '1940', '1950', '1960', '1970', '1980',
       '1990', '2000', '2010', '1930', '1940', '1950', '1960', '1970',
       '1980', '1990', '2000', '2010', '1930', '1940', '1950', '1960',
       '1970', '1980', '1990', '2000', '2010', '1930', '1940', '1950',
       '1960', '1970', '1980', '1990', '2000', '2010', '1930', '1940',
       '1950', '1960', '1970', '1980', '1990', '2000', '2010'],
      dtype=object), 'UniqueCount': array([ 4,  4,  5, 10,  7,  6,  8,  3,  4,  4,  4,  5, 10,  7,  6,  8,  3,
        4,  4,  4,  5, 10,  7,  6,  8,  3,  4,  4,  4,  5, 10,  7,  6,  8,
        3,  4,  4,  4,  5, 10,  7,  6,  8,  3,  4,  4,  4,  5, 10,  7,  6,
        8,  3,  4,  4,  4,  5, 10,  7,  6,  8,  3,  4,  4,  4,  5, 10,  7,
        6,  8,  3,  4,  4,  4,  5, 10,  7,  6,  8,  3,  4,  4,  4,  5, 10,
        7,  6,  8,  3,  4,  4,  4,  5, 10,  7,  6,  8,  3,  4,  4,  4,  5,
       10,  7,  6,  8,  3,  4,  4,  4,  5, 10,  7,  6,  8,  3,  4,  4,  4,
        5, 10,  7,  6,  8,  3,  4,  4,  4,  5, 10,  7,  6,  8,  3,  4,  4,
        4,  5, 10,  7,  6,  8,  3,  4,  4,  4,  5, 10,  7,  6,  8,  3,  4,
        4,  4,  5, 10,  7,  6,  8,  3,  4,  4,  4,  5, 10,  7,  6,  8,  3,
        4,  4,  4,  5, 10,  7,  6,  8,  3,  4,  4,  4,  5, 10,  7,  6,  8,
        3,  4,  4,  4,  5, 10,  7,  6,  8,  3,  4,  4,  4,  5, 10,  7,  6,
        8,  3,  4]), 'ScaledSize': array([12., 12., 15., 30., 21., 18., 24.,  9., 12., 12., 12., 15., 30.,
       21., 18., 24.,  9., 12., 12., 12., 15., 30., 21., 18., 24.,  9.,
       12., 12., 12., 15., 30., 21., 18., 24.,  9., 12., 12., 12., 15.,
       30., 21., 18., 24.,  9., 12., 12., 12., 15., 30., 21., 18., 24.,
        9., 12., 12., 12., 15., 30., 21., 18., 24.,  9., 12., 12., 12.,
       15., 30., 21., 18., 24.,  9., 12., 12., 12., 15., 30., 21., 18.,
       24.,  9., 12., 12., 12., 15., 30., 21., 18., 24.,  9., 12., 12.,
       12., 15., 30., 21., 18., 24.,  9., 12., 12., 12., 15., 30., 21.,
       18., 24.,  9., 12., 12., 12., 15., 30., 21., 18., 24.,  9., 12.,
       12., 12., 15., 30., 21., 18., 24.,  9., 12., 12., 12., 15., 30.,
       21., 18., 24.,  9., 12., 12., 12., 15., 30., 21., 18., 24.,  9.,
       12., 12., 12., 15., 30., 21., 18., 24.,  9., 12., 12., 12., 15.,
       30., 21., 18., 24.,  9., 12., 12., 12., 15., 30., 21., 18., 24.,
        9., 12., 12., 12., 15., 30., 21., 18., 24.,  9., 12., 12., 12.,
       15., 30., 21., 18., 24.,  9., 12., 12., 12., 15., 30., 21., 18.,
       24.,  9., 12., 12., 12., 15., 30., 21., 18., 24.,  9., 12.])}
10:23:46 NOTE  title :Individuals Events Over Time
10:23:46 NOTE  xlabels :None
10:23:46 NOTE  ylabels :['MichaelJourney:WaitToSeeGP', 'MichaelJourney:GPvisit', 'MichaelJourney:Wait4Pharmacy', 'MichaelJourney:PharmacyVisit', 'MichaelJourney:Wait4Park', 'MichaelJourney:ParrkVisit', 'MichaelJourney:Wait4Ambulance', 'MichaelJourney:AmbulanceTrip', 'MichaelJourney:Wiat4ED', 'MichaelJourney:EmergencyDept', 'MichaelJourney:Wait4Ward', 'MichaelJourney:Admit2Ward', 'MichaelJourney:Wait4Prepare4Discharge', 'MichaelJourney:Prepare4Discharge', 'MichaelJourney:Wait4Discharge', 'MichaelJourney:Discharge', 'MichaelJourney:Wait4PHR', 'MichaelJourney:UpdatePHR', 'MichaelJourney:Wait4OPMakeAppt', 'MichaelJourney:CreateOutpatientAppt', 'MichaelJourney:Wait4OutpatientAppt', 'MichaelJourney:AttendOutpatients', 'MichaelJourney:Finish']
10:23:46 NOTE  data :{'index': array([   0,    1,    2, ..., 1170, 1171, 1172]), 'Pathway:Node': array(['MichaelJourney:WaitToSeeGP', 'MichaelJourney:WaitToSeeGP',
       'MichaelJourney:WaitToSeeGP', ..., 'MichaelJourney:Finish',
       'MichaelJourney:Finish', 'MichaelJourney:Finish'], dtype=object), 'Date': array(['1930-08-21T00:00:00.000000000', '1936-05-27T00:00:00.000000000',
       '1938-04-01T00:00:00.000000000', ...,
       '2014-12-30T06:05:00.000000000', '2016-08-02T19:58:00.000000000',
       '2019-10-19T20:34:00.000000000'], dtype='datetime64[ns]'), 'PID': array(['23', '24', '30', ..., '43', '47', '46'], dtype=object)}
