11:31:07 NOTE  title :Individuals Count of Events
11:31:07 NOTE  xlabels :['00: Sarah Davies', '01: Max Birch', '02: Tia Nicholls', '03: Lily Carroll', '04: Ava Fry', '05: Phoebe Potter', '06: Madison Richards', '07: Dylan Rice', '08: Louis Lane', '09: Ella Jarvis', '10: Joel Warner', '11: George Rahman', '12: Isabel Pratt', '13: Elise Green', '14: Rachel Whittaker', '15: Ella Lord', '16: Molly Lord', '17: Sofia Price', '18: Samantha Bell', '19: Oscar Goodwin', '20: Samantha Ward', '21: Tia Sykes', '22: Olivia Thomas', '23: Joshua Leonard', '24: Jake Barnes', '25: Courtney Buckley', '26: Millie Miah', '27: Tom Ward', '28: Sarah Rahman', '29: Madeleine McCarthy', '30: Francesca Stephens', '31: Holly Lord', '32: Evan Barnett', '33: Grace Bell', '34: Jodie Freeman', '35: Jack Carroll', '36: Jade Riley', '37: Isabel Metcalfe', '38: Alice Horton', '39: Jasmine Walker', '40: Francesca Sykes', '41: Kiera Barton', '42: Spencer Dodd', '43: Georgia Davies', '44: Gabriel Douglas', '45: Georgia Brady', '46: Francesca Winter', '47: Jack Stephenson', '48: Jack Carey', '49: Elizabeth Fowler', '50: Hayden Joyce']
11:31:07 NOTE  ylabels :['GestationalDiabetes:Birth', 'GestationalDiabetes:Male', 'GestationalDiabetes:Childless', 'GestationalDiabetes:ConceiveFirstChild', 'GestationalDiabetes:GPvisit']
11:31:07 NOTE  data :{'index': array([ 70,  10,  45,  64,  67,   0, 100,  30, 114,  71,   9,  47,  85,
        34,  78,  35,  60,  15,  53,  80,  29,  58,  27,  51,   2,  28,
       109,  95,  68,   4,  84,  39,  12,  73,  40,  98, 112,  72,   8,
       105,  91,  11,  57,  23,  21,  74, 111,  97,  36,   3,  69,  62,
        38,  56,  20,  79,  26,  13,  76,  46,  65,  42, 101, 115,  81,
        32,  75,  24,  89,   5, 103,  66,  48, 106,  14,  92,  44,  82,
        55,  19,  49,  86,  96,  31, 110,  43,  83, 107,  22,  94,   1,
        88, 102,   6,  90, 104,  61,  37,  18, 108,  93,  54,  17,  87,
        50,  99,  25, 113,  63,  41,  33,  59,  16,  77,  52,   7]), 'Pathway:Node': array(['GestationalDiabetes:Childless', 'GestationalDiabetes:Birth',
       'GestationalDiabetes:Birth', 'GestationalDiabetes:Male',
       'GestationalDiabetes:Childless', 'GestationalDiabetes:Birth',
       'GestationalDiabetes:ConceiveFirstChild',
       'GestationalDiabetes:Birth', 'GestationalDiabetes:GPvisit',
       'GestationalDiabetes:Childless', 'GestationalDiabetes:Birth',
       'GestationalDiabetes:Birth', 'GestationalDiabetes:Childless',
       'GestationalDiabetes:Birth', 'GestationalDiabetes:Childless',
       'GestationalDiabetes:Birth', 'GestationalDiabetes:Male',
       'GestationalDiabetes:Birth', 'GestationalDiabetes:Male',
       'GestationalDiabetes:Childless', 'GestationalDiabetes:Birth',
       'GestationalDiabetes:Male', 'GestationalDiabetes:Birth',
       'GestationalDiabetes:Male', 'GestationalDiabetes:Birth',
       'GestationalDiabetes:Birth', 'GestationalDiabetes:GPvisit',
       'GestationalDiabetes:ConceiveFirstChild',
       'GestationalDiabetes:Childless', 'GestationalDiabetes:Birth',
       'GestationalDiabetes:Childless', 'GestationalDiabetes:Birth',
       'GestationalDiabetes:Birth', 'GestationalDiabetes:Childless',
       'GestationalDiabetes:Birth',
       'GestationalDiabetes:ConceiveFirstChild',
       'GestationalDiabetes:GPvisit', 'GestationalDiabetes:Childless',
       'GestationalDiabetes:Birth', 'GestationalDiabetes:GPvisit',
       'GestationalDiabetes:ConceiveFirstChild',
       'GestationalDiabetes:Birth', 'GestationalDiabetes:Male',
       'GestationalDiabetes:Birth', 'GestationalDiabetes:Birth',
       'GestationalDiabetes:Childless', 'GestationalDiabetes:GPvisit',
       'GestationalDiabetes:ConceiveFirstChild',
       'GestationalDiabetes:Birth', 'GestationalDiabetes:Birth',
       'GestationalDiabetes:Childless', 'GestationalDiabetes:Male',
       'GestationalDiabetes:Birth', 'GestationalDiabetes:Male',
       'GestationalDiabetes:Birth', 'GestationalDiabetes:Childless',
       'GestationalDiabetes:Birth', 'GestationalDiabetes:Birth',
       'GestationalDiabetes:Childless', 'GestationalDiabetes:Birth',
       'GestationalDiabetes:Male', 'GestationalDiabetes:Birth',
       'GestationalDiabetes:ConceiveFirstChild',
       'GestationalDiabetes:GPvisit', 'GestationalDiabetes:Childless',
       'GestationalDiabetes:Birth', 'GestationalDiabetes:Childless',
       'GestationalDiabetes:Birth',
       'GestationalDiabetes:ConceiveFirstChild',
       'GestationalDiabetes:Birth', 'GestationalDiabetes:GPvisit',
       'GestationalDiabetes:Male', 'GestationalDiabetes:Birth',
       'GestationalDiabetes:GPvisit', 'GestationalDiabetes:Birth',
       'GestationalDiabetes:ConceiveFirstChild',
       'GestationalDiabetes:Birth', 'GestationalDiabetes:Childless',
       'GestationalDiabetes:Male', 'GestationalDiabetes:Birth',
       'GestationalDiabetes:Birth', 'GestationalDiabetes:Childless',
       'GestationalDiabetes:ConceiveFirstChild',
       'GestationalDiabetes:Birth', 'GestationalDiabetes:GPvisit',
       'GestationalDiabetes:Birth', 'GestationalDiabetes:Childless',
       'GestationalDiabetes:GPvisit', 'GestationalDiabetes:Birth',
       'GestationalDiabetes:ConceiveFirstChild',
       'GestationalDiabetes:Birth',
       'GestationalDiabetes:ConceiveFirstChild',
       'GestationalDiabetes:GPvisit', 'GestationalDiabetes:Birth',
       'GestationalDiabetes:ConceiveFirstChild',
       'GestationalDiabetes:GPvisit', 'GestationalDiabetes:Male',
       'GestationalDiabetes:Birth', 'GestationalDiabetes:Birth',
       'GestationalDiabetes:GPvisit',
       'GestationalDiabetes:ConceiveFirstChild',
       'GestationalDiabetes:Male', 'GestationalDiabetes:Birth',
       'GestationalDiabetes:Childless', 'GestationalDiabetes:Birth',
       'GestationalDiabetes:ConceiveFirstChild',
       'GestationalDiabetes:Birth', 'GestationalDiabetes:GPvisit',
       'GestationalDiabetes:Male', 'GestationalDiabetes:Birth',
       'GestationalDiabetes:Birth', 'GestationalDiabetes:Male',
       'GestationalDiabetes:Birth', 'GestationalDiabetes:Childless',
       'GestationalDiabetes:Male', 'GestationalDiabetes:Birth'],
      dtype=object), 'Person': array(['00: Sarah Davies', '00: Sarah Davies', '01: Max Birch',
       '01: Max Birch', '02: Tia Nicholls', '02: Tia Nicholls',
       '03: Lily Carroll', '03: Lily Carroll', '03: Lily Carroll',
       '04: Ava Fry', '04: Ava Fry', '05: Phoebe Potter',
       '05: Phoebe Potter', '06: Madison Richards',
       '06: Madison Richards', '07: Dylan Rice', '07: Dylan Rice',
       '08: Louis Lane', '08: Louis Lane', '09: Ella Jarvis',
       '09: Ella Jarvis', '10: Joel Warner', '10: Joel Warner',
       '11: George Rahman', '11: George Rahman', '12: Isabel Pratt',
       '12: Isabel Pratt', '12: Isabel Pratt', '13: Elise Green',
       '13: Elise Green', '14: Rachel Whittaker', '14: Rachel Whittaker',
       '15: Ella Lord', '15: Ella Lord', '16: Molly Lord',
       '16: Molly Lord', '16: Molly Lord', '17: Sofia Price',
       '17: Sofia Price', '18: Samantha Bell', '18: Samantha Bell',
       '18: Samantha Bell', '19: Oscar Goodwin', '19: Oscar Goodwin',
       '20: Samantha Ward', '20: Samantha Ward', '21: Tia Sykes',
       '21: Tia Sykes', '21: Tia Sykes', '22: Olivia Thomas',
       '22: Olivia Thomas', '23: Joshua Leonard', '23: Joshua Leonard',
       '24: Jake Barnes', '24: Jake Barnes', '25: Courtney Buckley',
       '25: Courtney Buckley', '26: Millie Miah', '26: Millie Miah',
       '27: Tom Ward', '27: Tom Ward', '28: Sarah Rahman',
       '28: Sarah Rahman', '28: Sarah Rahman', '29: Madeleine McCarthy',
       '29: Madeleine McCarthy', '30: Francesca Stephens',
       '30: Francesca Stephens', '31: Holly Lord', '31: Holly Lord',
       '31: Holly Lord', '32: Evan Barnett', '32: Evan Barnett',
       '33: Grace Bell', '33: Grace Bell', '33: Grace Bell',
       '34: Jodie Freeman', '34: Jodie Freeman', '35: Jack Carroll',
       '35: Jack Carroll', '36: Jade Riley', '36: Jade Riley',
       '37: Isabel Metcalfe', '37: Isabel Metcalfe',
       '37: Isabel Metcalfe', '38: Alice Horton', '38: Alice Horton',
       '39: Jasmine Walker', '39: Jasmine Walker', '39: Jasmine Walker',
       '40: Francesca Sykes', '40: Francesca Sykes',
       '40: Francesca Sykes', '41: Kiera Barton', '41: Kiera Barton',
       '41: Kiera Barton', '42: Spencer Dodd', '42: Spencer Dodd',
       '43: Georgia Davies', '43: Georgia Davies', '43: Georgia Davies',
       '44: Gabriel Douglas', '44: Gabriel Douglas', '45: Georgia Brady',
       '45: Georgia Brady', '46: Francesca Winter',
       '46: Francesca Winter', '46: Francesca Winter',
       '47: Jack Stephenson', '47: Jack Stephenson', '48: Jack Carey',
       '48: Jack Carey', '49: Elizabeth Fowler', '49: Elizabeth Fowler',
       '50: Hayden Joyce', '50: Hayden Joyce'], dtype=object), 'Count': array([1, 6, 7, 1, 1, 5, 2, 5, 4, 1, 6, 6, 1, 6, 1, 6, 1, 5, 1, 1, 5, 1,
       6, 1, 6, 6, 3, 2, 1, 5, 1, 5, 6, 1, 5, 2, 1, 1, 5, 1, 2, 5, 1, 5,
       6, 1, 4, 2, 5, 5, 1, 1, 5, 1, 7, 1, 6, 6, 1, 5, 1, 5, 2, 2, 1, 6,
       1, 5, 2, 5, 2, 1, 5, 2, 5, 2, 6, 1, 1, 5, 5, 1, 2, 7, 4, 5, 1, 1,
       5, 2, 5, 2, 2, 5, 2, 3, 1, 7, 5, 2, 2, 1, 5, 1, 5, 2, 5, 2, 1, 5,
       6, 1, 5, 1, 1, 5]), 'ScaledSize': array([ 4.28571429, 25.71428571, 30.        ,  4.28571429,  4.28571429,
       21.42857143,  8.57142857, 21.42857143, 17.14285714,  4.28571429,
       25.71428571, 25.71428571,  4.28571429, 25.71428571,  4.28571429,
       25.71428571,  4.28571429, 21.42857143,  4.28571429,  4.28571429,
       21.42857143,  4.28571429, 25.71428571,  4.28571429, 25.71428571,
       25.71428571, 12.85714286,  8.57142857,  4.28571429, 21.42857143,
        4.28571429, 21.42857143, 25.71428571,  4.28571429, 21.42857143,
        8.57142857,  4.28571429,  4.28571429, 21.42857143,  4.28571429,
        8.57142857, 21.42857143,  4.28571429, 21.42857143, 25.71428571,
        4.28571429, 17.14285714,  8.57142857, 21.42857143, 21.42857143,
        4.28571429,  4.28571429, 21.42857143,  4.28571429, 30.        ,
        4.28571429, 25.71428571, 25.71428571,  4.28571429, 21.42857143,
        4.28571429, 21.42857143,  8.57142857,  8.57142857,  4.28571429,
       25.71428571,  4.28571429, 21.42857143,  8.57142857, 21.42857143,
        8.57142857,  4.28571429, 21.42857143,  8.57142857, 21.42857143,
        8.57142857, 25.71428571,  4.28571429,  4.28571429, 21.42857143,
       21.42857143,  4.28571429,  8.57142857, 30.        , 17.14285714,
       21.42857143,  4.28571429,  4.28571429, 21.42857143,  8.57142857,
       21.42857143,  8.57142857,  8.57142857, 21.42857143,  8.57142857,
       12.85714286,  4.28571429, 30.        , 21.42857143,  8.57142857,
        8.57142857,  4.28571429, 21.42857143,  4.28571429, 21.42857143,
        8.57142857, 21.42857143,  8.57142857,  4.28571429, 21.42857143,
       25.71428571,  4.28571429, 21.42857143,  4.28571429,  4.28571429,
       21.42857143])}
11:31:07 NOTE  title :Events by Decade
11:31:07 NOTE  xlabels :['1920', '1930', '1940', '1950', '1960', '1970', '1980', '1990', '2000', '2010', '2020', '2030', '2040', '2050']
11:31:07 NOTE  ylabels :['GestationalDiabetes:Birth', 'GestationalDiabetes:Male', 'GestationalDiabetes:Childless', 'GestationalDiabetes:ConceiveFirstChild', 'GestationalDiabetes:GPvisit']
11:31:07 NOTE  data :{'index': array([ 0,  1,  2,  3,  4,  5,  6,  7,  8,  9, 10, 11, 12, 13, 14, 15, 16,
       17, 18, 19, 20, 21, 22, 23, 24, 25, 26, 27, 28, 29, 30, 31, 32, 33,
       34, 35, 36, 37, 38, 39, 40, 41, 42, 43, 44, 45]), 'Pathway:Node': array(['GestationalDiabetes:Birth', 'GestationalDiabetes:Birth',
       'GestationalDiabetes:Birth', 'GestationalDiabetes:Birth',
       'GestationalDiabetes:Birth', 'GestationalDiabetes:Birth',
       'GestationalDiabetes:Birth', 'GestationalDiabetes:Birth',
       'GestationalDiabetes:Birth', 'GestationalDiabetes:Birth',
       'GestationalDiabetes:Male', 'GestationalDiabetes:Male',
       'GestationalDiabetes:Male', 'GestationalDiabetes:Male',
       'GestationalDiabetes:Male', 'GestationalDiabetes:Male',
       'GestationalDiabetes:Male', 'GestationalDiabetes:Childless',
       'GestationalDiabetes:Childless', 'GestationalDiabetes:Childless',
       'GestationalDiabetes:Childless', 'GestationalDiabetes:Childless',
       'GestationalDiabetes:Childless', 'GestationalDiabetes:Childless',
       'GestationalDiabetes:Childless', 'GestationalDiabetes:Childless',
       'GestationalDiabetes:Childless', 'GestationalDiabetes:Childless',
       'GestationalDiabetes:ConceiveFirstChild',
       'GestationalDiabetes:ConceiveFirstChild',
       'GestationalDiabetes:ConceiveFirstChild',
       'GestationalDiabetes:ConceiveFirstChild',
       'GestationalDiabetes:ConceiveFirstChild',
       'GestationalDiabetes:ConceiveFirstChild',
       'GestationalDiabetes:ConceiveFirstChild',
       'GestationalDiabetes:ConceiveFirstChild',
       'GestationalDiabetes:ConceiveFirstChild',
       'GestationalDiabetes:GPvisit', 'GestationalDiabetes:GPvisit',
       'GestationalDiabetes:GPvisit', 'GestationalDiabetes:GPvisit',
       'GestationalDiabetes:GPvisit', 'GestationalDiabetes:GPvisit',
       'GestationalDiabetes:GPvisit', 'GestationalDiabetes:GPvisit',
       'GestationalDiabetes:GPvisit'], dtype=object), 'Date': array(['1920', '1930', '1940', '1950', '1960', '1970', '1980', '1990',
       '2000', '2010', '1930', '1940', '1970', '1980', '1990', '2000',
       '2010', '1950', '1960', '1970', '1980', '1990', '2000', '2010',
       '2020', '2030', '2040', '2050', '1950', '1960', '1970', '1980',
       '1990', '2000', '2010', '2020', '2030', '1950', '1960', '1970',
       '1980', '1990', '2000', '2010', '2020', '2030'], dtype=object), 'UniqueCount': array([ 1,  2,  6,  2,  4,  9, 11,  4,  6,  6,  1,  1,  5,  2,  3,  1,  3,
        1,  2,  1,  2,  2,  3,  3,  1,  3,  2,  1,  1,  1,  1,  1,  1,  2,
        1,  5,  1,  1,  1,  1,  1,  1,  2,  1,  4,  2]), 'ScaledSize': array([ 2.72727273,  5.45454545, 16.36363636,  5.45454545, 10.90909091,
       24.54545455, 30.        , 10.90909091, 16.36363636, 16.36363636,
        2.72727273,  2.72727273, 13.63636364,  5.45454545,  8.18181818,
        2.72727273,  8.18181818,  2.72727273,  5.45454545,  2.72727273,
        5.45454545,  5.45454545,  8.18181818,  8.18181818,  2.72727273,
        8.18181818,  5.45454545,  2.72727273,  2.72727273,  2.72727273,
        2.72727273,  2.72727273,  2.72727273,  5.45454545,  2.72727273,
       13.63636364,  2.72727273,  2.72727273,  2.72727273,  2.72727273,
        2.72727273,  2.72727273,  5.45454545,  2.72727273, 10.90909091,
        5.45454545])}
11:31:07 NOTE  title :Individuals Events Over Time
11:31:07 NOTE  xlabels :None
11:31:07 NOTE  ylabels :['GestationalDiabetes:Birth', 'GestationalDiabetes:Male', 'GestationalDiabetes:Childless', 'GestationalDiabetes:ConceiveFirstChild', 'GestationalDiabetes:GPvisit']
11:31:07 NOTE  data :{'index': array([  0,   1,   2,   3,   4,   5,   6,   7,   8,   9,  10,  11,  12,
        13,  14,  15,  16,  17,  18,  19,  20,  21,  22,  23,  24,  25,
        26,  27,  28,  29,  30,  31,  32,  33,  34,  35,  36,  37,  38,
        39,  40,  41,  42,  43,  44,  45,  46,  47,  48,  49,  50,  51,
        52,  53,  54,  55,  56,  57,  58,  59,  60,  61,  62,  63,  64,
        65,  66,  67,  68,  69,  70,  71,  72,  73,  74,  75,  76,  77,
        78,  79,  80,  81,  82,  83,  84,  85,  86,  87,  88,  89,  90,
        91,  92,  93,  94,  95,  96,  97,  98,  99, 100, 101, 102, 103,
       104, 105, 106, 107, 108, 109, 110, 111, 112, 113, 114, 115]), 'Pathway:Node': array(['GestationalDiabetes:Birth', 'GestationalDiabetes:Birth',
       'GestationalDiabetes:Birth', 'GestationalDiabetes:Birth',
       'GestationalDiabetes:Birth', 'GestationalDiabetes:Birth',
       'GestationalDiabetes:Birth', 'GestationalDiabetes:Birth',
       'GestationalDiabetes:Birth', 'GestationalDiabetes:Birth',
       'GestationalDiabetes:Birth', 'GestationalDiabetes:Birth',
       'GestationalDiabetes:Birth', 'GestationalDiabetes:Birth',
       'GestationalDiabetes:Birth', 'GestationalDiabetes:Birth',
       'GestationalDiabetes:Birth', 'GestationalDiabetes:Birth',
       'GestationalDiabetes:Birth', 'GestationalDiabetes:Birth',
       'GestationalDiabetes:Birth', 'GestationalDiabetes:Birth',
       'GestationalDiabetes:Birth', 'GestationalDiabetes:Birth',
       'GestationalDiabetes:Birth', 'GestationalDiabetes:Birth',
       'GestationalDiabetes:Birth', 'GestationalDiabetes:Birth',
       'GestationalDiabetes:Birth', 'GestationalDiabetes:Birth',
       'GestationalDiabetes:Birth', 'GestationalDiabetes:Birth',
       'GestationalDiabetes:Birth', 'GestationalDiabetes:Birth',
       'GestationalDiabetes:Birth', 'GestationalDiabetes:Birth',
       'GestationalDiabetes:Birth', 'GestationalDiabetes:Birth',
       'GestationalDiabetes:Birth', 'GestationalDiabetes:Birth',
       'GestationalDiabetes:Birth', 'GestationalDiabetes:Birth',
       'GestationalDiabetes:Birth', 'GestationalDiabetes:Birth',
       'GestationalDiabetes:Birth', 'GestationalDiabetes:Birth',
       'GestationalDiabetes:Birth', 'GestationalDiabetes:Birth',
       'GestationalDiabetes:Birth', 'GestationalDiabetes:Birth',
       'GestationalDiabetes:Birth', 'GestationalDiabetes:Male',
       'GestationalDiabetes:Male', 'GestationalDiabetes:Male',
       'GestationalDiabetes:Male', 'GestationalDiabetes:Male',
       'GestationalDiabetes:Male', 'GestationalDiabetes:Male',
       'GestationalDiabetes:Male', 'GestationalDiabetes:Male',
       'GestationalDiabetes:Male', 'GestationalDiabetes:Male',
       'GestationalDiabetes:Male', 'GestationalDiabetes:Male',
       'GestationalDiabetes:Male', 'GestationalDiabetes:Male',
       'GestationalDiabetes:Male', 'GestationalDiabetes:Childless',
       'GestationalDiabetes:Childless', 'GestationalDiabetes:Childless',
       'GestationalDiabetes:Childless', 'GestationalDiabetes:Childless',
       'GestationalDiabetes:Childless', 'GestationalDiabetes:Childless',
       'GestationalDiabetes:Childless', 'GestationalDiabetes:Childless',
       'GestationalDiabetes:Childless', 'GestationalDiabetes:Childless',
       'GestationalDiabetes:Childless', 'GestationalDiabetes:Childless',
       'GestationalDiabetes:Childless', 'GestationalDiabetes:Childless',
       'GestationalDiabetes:Childless', 'GestationalDiabetes:Childless',
       'GestationalDiabetes:Childless', 'GestationalDiabetes:Childless',
       'GestationalDiabetes:Childless', 'GestationalDiabetes:Childless',
       'GestationalDiabetes:ConceiveFirstChild',
       'GestationalDiabetes:ConceiveFirstChild',
       'GestationalDiabetes:ConceiveFirstChild',
       'GestationalDiabetes:ConceiveFirstChild',
       'GestationalDiabetes:ConceiveFirstChild',
       'GestationalDiabetes:ConceiveFirstChild',
       'GestationalDiabetes:ConceiveFirstChild',
       'GestationalDiabetes:ConceiveFirstChild',
       'GestationalDiabetes:ConceiveFirstChild',
       'GestationalDiabetes:ConceiveFirstChild',
       'GestationalDiabetes:ConceiveFirstChild',
       'GestationalDiabetes:ConceiveFirstChild',
       'GestationalDiabetes:ConceiveFirstChild',
       'GestationalDiabetes:ConceiveFirstChild',
       'GestationalDiabetes:GPvisit', 'GestationalDiabetes:GPvisit',
       'GestationalDiabetes:GPvisit', 'GestationalDiabetes:GPvisit',
       'GestationalDiabetes:GPvisit', 'GestationalDiabetes:GPvisit',
       'GestationalDiabetes:GPvisit', 'GestationalDiabetes:GPvisit',
       'GestationalDiabetes:GPvisit', 'GestationalDiabetes:GPvisit',
       'GestationalDiabetes:GPvisit', 'GestationalDiabetes:GPvisit',
       'GestationalDiabetes:GPvisit', 'GestationalDiabetes:GPvisit'],
      dtype=object), 'Date': array(['1921-10-29T00:00:00.000000000', '1931-03-04T00:00:00.000000000',
       '1932-03-20T00:00:00.000000000', '1940-01-29T00:00:00.000000000',
       '1940-11-12T00:00:00.000000000', '1942-08-28T00:00:00.000000000',
       '1945-01-26T00:00:00.000000000', '1946-07-31T00:00:00.000000000',
       '1946-12-02T00:00:00.000000000', '1959-01-28T00:00:00.000000000',
       '1959-02-12T00:00:00.000000000', '1960-09-12T00:00:00.000000000',
       '1961-07-14T00:00:00.000000000', '1966-01-24T00:00:00.000000000',
       '1969-02-05T00:00:00.000000000', '1970-06-17T00:00:00.000000000',
       '1971-04-09T00:00:00.000000000', '1972-05-11T00:00:00.000000000',
       '1973-05-25T00:00:00.000000000', '1973-06-26T00:00:00.000000000',
       '1973-10-17T00:00:00.000000000', '1974-05-11T00:00:00.000000000',
       '1979-04-01T00:00:00.000000000', '1979-12-20T00:00:00.000000000',
       '1982-03-21T00:00:00.000000000', '1982-11-13T00:00:00.000000000',
       '1983-02-15T00:00:00.000000000', '1983-07-11T00:00:00.000000000',
       '1984-11-27T00:00:00.000000000', '1986-06-08T00:00:00.000000000',
       '1987-09-14T00:00:00.000000000', '1988-02-07T00:00:00.000000000',
       '1989-01-28T00:00:00.000000000', '1989-06-02T00:00:00.000000000',
       '1989-12-10T00:00:00.000000000', '1992-05-10T00:00:00.000000000',
       '1992-11-25T00:00:00.000000000', '1993-02-05T00:00:00.000000000',
       '1997-03-27T00:00:00.000000000', '2002-06-08T00:00:00.000000000',
       '2002-11-27T00:00:00.000000000', '2005-07-05T00:00:00.000000000',
       '2006-01-06T00:00:00.000000000', '2006-05-25T00:00:00.000000000',
       '2007-08-20T00:00:00.000000000', '2010-04-20T00:00:00.000000000',
       '2011-12-18T00:00:00.000000000', '2013-07-02T00:00:00.000000000',
       '2014-08-19T00:00:00.000000000', '2018-06-24T00:00:00.000000000',
       '2019-09-12T00:00:00.000000000', '1932-03-20T00:00:00.000000000',
       '1946-07-31T00:00:00.000000000', '1970-06-17T00:00:00.000000000',
       '1972-05-11T00:00:00.000000000', '1973-06-26T00:00:00.000000000',
       '1973-10-17T00:00:00.000000000', '1979-12-20T00:00:00.000000000',
       '1983-07-11T00:00:00.000000000', '1989-06-02T00:00:00.000000000',
       '1992-05-10T00:00:00.000000000', '1993-02-05T00:00:00.000000000',
       '1997-03-27T00:00:00.000000000', '2005-07-05T00:00:00.000000000',
       '2010-04-20T00:00:00.000000000', '2011-12-18T00:00:00.000000000',
       '2014-08-19T00:00:00.000000000', '1951-09-11T00:00:00.000000000',
       '1965-11-28T00:00:00.000000000', '1966-10-22T00:00:00.000000000',
       '1978-08-11T00:00:00.000000000', '1987-12-09T00:00:00.000000000',
       '1988-03-08T00:00:00.000000000', '1992-02-18T00:00:00.000000000',
       '1998-04-06T00:00:00.000000000', '2002-01-21T00:00:00.000000000',
       '2008-01-24T00:00:00.000000000', '2008-02-04T00:00:00.000000000',
       '2010-09-16T00:00:00.000000000', '2017-10-26T00:00:00.000000000',
       '2019-09-25T00:00:00.000000000', '2027-02-10T00:00:00.000000000',
       '2032-07-12T00:00:00.000000000', '2035-10-23T00:00:00.000000000',
       '2036-05-28T00:00:00.000000000', '2043-12-05T00:00:00.000000000',
       '2047-11-07T00:00:00.000000000', '2058-10-19T00:00:00.000000000',
       '1954-11-08T00:00:00.000000000', '1966-03-12T00:00:00.000000000',
       '1972-12-26T00:00:00.000000000', '1988-07-24T00:00:00.000000000',
       '1992-12-29T00:00:00.000000000', '2008-02-02T00:00:00.000000000',
       '2008-02-02T00:00:00.000000000', '2010-11-13T00:00:00.000000000',
       '2020-01-11T00:00:00.000000000', '2020-02-14T00:00:00.000000000',
       '2022-10-10T00:00:00.000000000', '2024-12-13T00:00:00.000000000',
       '2029-10-22T00:00:00.000000000', '2035-01-01T00:00:00.000000000',
       '1955-01-10T00:00:00.000000000', '1966-05-11T00:00:00.000000000',
       '1973-03-19T00:00:00.000000000', '1988-09-19T00:00:00.000000000',
       '1993-03-15T00:00:00.000000000', '2008-04-05T00:00:00.000000000',
       '2008-04-10T00:00:00.000000000', '2011-01-20T00:00:00.000000000',
       '2020-04-03T00:00:00.000000000', '2020-04-14T00:00:00.000000000',
       '2022-12-25T00:00:00.000000000', '2025-02-22T00:00:00.000000000',
       '2030-01-10T00:00:00.000000000', '2035-03-07T00:00:00.000000000'],
      dtype='datetime64[ns]'), 'PID': array(['2', '40', '11', '22', '13', '31', '41', '50', '17', '4', '0',
       '18', '15', '26', '33', '8', '49', '44', '43', '35', '24', '20',
       '39', '19', '30', '46', '25', '10', '12', '9', '3', '37', '29',
       '48', '6', '7', '21', '42', '23', '14', '16', '47', '28', '38',
       '34', '1', '27', '5', '32', '36', '45', '11', '50', '8', '44',
       '35', '24', '19', '10', '48', '7', '42', '23', '47', '1', '27',
       '32', '2', '13', '22', '0', '4', '17', '15', '20', '30', '26',
       '49', '6', '25', '9', '29', '34', '38', '14', '5', '36', '45',
       '40', '31', '41', '18', '33', '43', '39', '12', '37', '21', '16',
       '46', '3', '28', '40', '31', '41', '18', '33', '39', '43', '12',
       '37', '21', '16', '46', '3', '28'], dtype=object)}
