11:30:56 00102 INFO: Converting BPMN pathway GestationalDiabetes.bpmn to json...
11:30:56 00103 INFO: Initial node created: Birth
11:30:56 00103 INFO: Simple node created: GenderDecision
11:30:56 00103 INFO: Simple node created: CheckHasOneChild
11:30:56 00103 INFO: Simple node created: GPvisit
11:30:56 00103 INFO: Simple node created: FirstAntenatal
11:30:56 00103 INFO: Event node created: ConceiveFirstChild
11:30:56 00103 INFO: Delay node created: Wait4Conception "Wait for Conception"
11:30:56 00103 INFO: Delay node created: WaitToSeeGP "Wait to See GP"
11:30:56 00103 INFO: Delay node created: Wait2SeeMidwife "Wait to see midwife"
11:30:56 00103 INFO: Terminal node created: Childless
11:30:56 00103 INFO: Terminal node created: Finish
11:30:56 00103 INFO: Terminal node created: Male
11:30:56 00105 INFO: Direct Transition for Birth added: GenderDecision
11:30:56 00105 INFO: Conditional Transition for GenderDecision added: p['Gender']p['Gender']'Male'Male
11:30:56 00105 INFO: Conditional Transition for GenderDecision added: p['Gender']p['Gender']'Female'Wait4Conception
11:30:56 00105 INFO: Direct Transition for Wait4Conception added: CheckHasOneChild
11:30:56 00105 INFO: Conditional Transition for CheckHasOneChild added: p['HasFirstChild']p['HasFirstChild']TrueConceiveFirstChild
11:30:56 00105 INFO: Conditional Transition for CheckHasOneChild added: p['HasFirstChild']p['HasFirstChild']FalseChildless
11:30:56 00105 INFO: Direct Transition for ConceiveFirstChild added: WaitToSeeGP
11:30:56 00105 INFO: Direct Transition for WaitToSeeGP added: GPvisit
11:30:56 00105 INFO: Direct Transition for GPvisit added: Wait2SeeMidwife
11:30:56 00105 INFO: Direct Transition for Wait2SeeMidwife added: FirstAntenatal
11:30:56 00105 INFO: Direct Transition for FirstAntenatal added: Finish
11:30:56 NOTE  Looking for attributes from setAttribute for GestationalDiabetes Birth
11:30:56 NOTE  Adding attribute from setAttribute for GestationalDiabetes Birth
11:30:56 NOTE  Looking for attributes from setAttribute for GestationalDiabetes Birth
11:30:56 NOTE  Adding attribute from setAttribute for GestationalDiabetes Birth
11:30:56 NOTE  Looking for attributes from setAttribute for GestationalDiabetes GPvisit
11:30:56 NOTE  Adding attribute from setAttribute for GestationalDiabetes GPvisit
11:30:56 NOTE  Looking for attributes from setAttribute for GestationalDiabetes Birth
11:30:56 NOTE  Adding attribute from setAttribute for GestationalDiabetes Birth
11:30:56 NOTE  Looking for attributes from setAttribute for GestationalDiabetes Birth
11:30:56 NOTE  Adding attribute from setAttribute for GestationalDiabetes Birth
11:30:56 NOTE  Looking for attributes from setAttribute for GestationalDiabetes Birth
11:30:56 NOTE  Adding attribute from setAttribute for GestationalDiabetes Birth
11:30:56 NOTE  Looking for attributes from setAttribute for GestationalDiabetes GPvisit
11:30:56 NOTE  Adding attribute from setAttribute for GestationalDiabetes GPvisit
11:30:56 NOTE  Looking for attributes from setAttribute for GestationalDiabetes GPvisit
11:30:56 NOTE  Adding attribute from setAttribute for GestationalDiabetes GPvisit
11:30:56 NOTE  Looking for attributes from setAttribute for GestationalDiabetes Birth
11:30:56 NOTE  Adding attribute from setAttribute for GestationalDiabetes Birth
11:30:56 NOTE  Looking for attributes from setAttribute for GestationalDiabetes Birth
11:30:56 NOTE  Adding attribute from setAttribute for GestationalDiabetes Birth
11:30:56 00106 INFO: Pathway GestationalDiabetes.json has been converted to json successfully.
