12:01:06 00001 INFO: Starting...
12:01:06 00111 INFO: Creating 50 patients.
12:01:06 00112 INFO: Reading file: FakeNameGeneratorShr.csv.
12:01:06 00113 INFO: Found name generator file: FakeNameGeneratorShr.csv
12:01:06 00112 INFO: Reading file: PopulationStatistics.csv.
12:01:06 00113 INFO: Found domain statistics file: PopulationStatistics.csv
12:01:06 00112 INFO: Reading file: ShrewsburyStats.csv.
12:01:06 00113 INFO: Found area statistics file: ShrewsburyStats.csv
12:01:06 00114 INFO: Dealing with area type: Ward
12:01:09 00101 INFO: Adding pathway file 'AbdelsJourney.bpmn' to validation list
12:01:09 00115 INFO: Files validated for information items. Checking files dependencies...
12:01:09 00107 INFO: Validating pathways.
12:01:09 00108 INFO: Importing pathway file Resources/Files/Pathway/BPMN/AbdelsJourney.bpmn
12:01:09 00109 INFO: Pathways validated.
12:01:09 00110 INFO: Importing pathways successful.
12:01:09 NOTE  person being put onto pathway :21 : AbdelsJourney
12:01:09 NOTE  Error rendering template KAFKA_Observation.txt : <class 'jinja2.exceptions.UndefinedError'> 'list object' has no attribute 'code'
12:01:09 NOTE  Error rendering template KAFKA_Observation.txt : <class 'jinja2.exceptions.UndefinedError'> 'list object' has no attribute 'code'
12:01:09 NOTE  Error rendering template KAFKA_Observation.txt : <class 'jinja2.exceptions.UndefinedError'> 'list object' has no attribute 'code'
12:01:09 NOTE  person being put onto pathway :15 : AbdelsJourney
12:01:09 NOTE  Error rendering template KAFKA_Observation.txt : <class 'jinja2.exceptions.UndefinedError'> 'list object' has no attribute 'code'
12:01:09 NOTE  Error rendering template KAFKA_Observation.txt : <class 'jinja2.exceptions.UndefinedError'> 'list object' has no attribute 'code'
12:01:09 NOTE  Error rendering template KAFKA_Observation.txt : <class 'jinja2.exceptions.UndefinedError'> 'list object' has no attribute 'code'
12:01:10 NOTE  person being put onto pathway :20 : AbdelsJourney
12:01:10 NOTE  Error rendering template KAFKA_Observation.txt : <class 'jinja2.exceptions.UndefinedError'> 'list object' has no attribute 'code'
12:01:10 NOTE  Error rendering template KAFKA_Observation.txt : <class 'jinja2.exceptions.UndefinedError'> 'list object' has no attribute 'code'
12:01:10 NOTE  Error rendering template KAFKA_Observation.txt : <class 'jinja2.exceptions.UndefinedError'> 'list object' has no attribute 'code'
12:01:10 NOTE  person being put onto pathway :13 : AbdelsJourney
12:01:10 NOTE  Error rendering template KAFKA_Observation.txt : <class 'jinja2.exceptions.UndefinedError'> 'list object' has no attribute 'code'
12:01:10 NOTE  Error rendering template KAFKA_Observation.txt : <class 'jinja2.exceptions.UndefinedError'> 'list object' has no attribute 'code'
12:01:10 NOTE  Error rendering template KAFKA_Observation.txt : <class 'jinja2.exceptions.UndefinedError'> 'list object' has no attribute 'code'
12:01:10 NOTE  person being put onto pathway :1 : AbdelsJourney
12:01:10 NOTE  Error rendering template KAFKA_Observation.txt : <class 'jinja2.exceptions.UndefinedError'> 'list object' has no attribute 'code'
12:01:10 NOTE  Error rendering template KAFKA_Observation.txt : <class 'jinja2.exceptions.UndefinedError'> 'list object' has no attribute 'code'
12:01:10 NOTE  Error rendering template KAFKA_Observation.txt : <class 'jinja2.exceptions.UndefinedError'> 'list object' has no attribute 'code'
12:01:11 NOTE  person being put onto pathway :11 : AbdelsJourney
12:01:11 NOTE  Error rendering template KAFKA_Observation.txt : <class 'jinja2.exceptions.UndefinedError'> 'list object' has no attribute 'code'
12:01:11 NOTE  Error rendering template KAFKA_Observation.txt : <class 'jinja2.exceptions.UndefinedError'> 'list object' has no attribute 'code'
12:01:11 NOTE  Error rendering template KAFKA_Observation.txt : <class 'jinja2.exceptions.UndefinedError'> 'list object' has no attribute 'code'
12:01:11 NOTE  person being put onto pathway :4 : AbdelsJourney
12:01:11 NOTE  Error rendering template KAFKA_Observation.txt : <class 'jinja2.exceptions.UndefinedError'> 'list object' has no attribute 'code'
12:01:11 NOTE  Error rendering template KAFKA_Observation.txt : <class 'jinja2.exceptions.UndefinedError'> 'list object' has no attribute 'code'
12:01:11 NOTE  Error rendering template KAFKA_Observation.txt : <class 'jinja2.exceptions.UndefinedError'> 'list object' has no attribute 'code'
12:01:11 NOTE  person being put onto pathway :3 : AbdelsJourney
12:01:11 NOTE  Error rendering template KAFKA_Observation.txt : <class 'jinja2.exceptions.UndefinedError'> 'list object' has no attribute 'code'
12:01:11 NOTE  Error rendering template KAFKA_Observation.txt : <class 'jinja2.exceptions.UndefinedError'> 'list object' has no attribute 'code'
12:01:11 NOTE  Error rendering template KAFKA_Observation.txt : <class 'jinja2.exceptions.UndefinedError'> 'list object' has no attribute 'code'
12:01:12 NOTE  person being put onto pathway :31 : AbdelsJourney
12:01:12 NOTE  Error rendering template KAFKA_Observation.txt : <class 'jinja2.exceptions.UndefinedError'> 'list object' has no attribute 'code'
12:01:12 NOTE  Error rendering template KAFKA_Observation.txt : <class 'jinja2.exceptions.UndefinedError'> 'list object' has no attribute 'code'
12:01:12 NOTE  Error rendering template KAFKA_Observation.txt : <class 'jinja2.exceptions.UndefinedError'> 'list object' has no attribute 'code'
12:01:12 NOTE  person being put onto pathway :43 : AbdelsJourney
12:01:12 NOTE  Error rendering template KAFKA_Observation.txt : <class 'jinja2.exceptions.UndefinedError'> 'list object' has no attribute 'code'
12:01:12 NOTE  Error rendering template KAFKA_Observation.txt : <class 'jinja2.exceptions.UndefinedError'> 'list object' has no attribute 'code'
12:01:12 NOTE  Error rendering template KAFKA_Observation.txt : <class 'jinja2.exceptions.UndefinedError'> 'list object' has no attribute 'code'
12:01:12 NOTE  person being put onto pathway :44 : AbdelsJourney
12:01:12 NOTE  Error rendering template KAFKA_Observation.txt : <class 'jinja2.exceptions.UndefinedError'> 'list object' has no attribute 'code'
12:01:12 NOTE  Error rendering template KAFKA_Observation.txt : <class 'jinja2.exceptions.UndefinedError'> 'list object' has no attribute 'code'
12:01:12 NOTE  Error rendering template KAFKA_Observation.txt : <class 'jinja2.exceptions.UndefinedError'> 'list object' has no attribute 'code'
12:01:13 NOTE  person being put onto pathway :27 : AbdelsJourney
12:01:13 NOTE  Error rendering template KAFKA_Observation.txt : <class 'jinja2.exceptions.UndefinedError'> 'list object' has no attribute 'code'
12:01:13 NOTE  Error rendering template KAFKA_Observation.txt : <class 'jinja2.exceptions.UndefinedError'> 'list object' has no attribute 'code'
12:01:13 NOTE  Error rendering template KAFKA_Observation.txt : <class 'jinja2.exceptions.UndefinedError'> 'list object' has no attribute 'code'
12:01:13 NOTE  person being put onto pathway :7 : AbdelsJourney
12:01:13 NOTE  Error rendering template KAFKA_Observation.txt : <class 'jinja2.exceptions.UndefinedError'> 'list object' has no attribute 'code'
12:01:13 NOTE  Error rendering template KAFKA_Observation.txt : <class 'jinja2.exceptions.UndefinedError'> 'list object' has no attribute 'code'
12:01:13 NOTE  Error rendering template KAFKA_Observation.txt : <class 'jinja2.exceptions.UndefinedError'> 'list object' has no attribute 'code'
12:01:13 NOTE  person being put onto pathway :24 : AbdelsJourney
12:01:13 NOTE  Error rendering template KAFKA_Observation.txt : <class 'jinja2.exceptions.UndefinedError'> 'list object' has no attribute 'code'
12:01:13 NOTE  Error rendering template KAFKA_Observation.txt : <class 'jinja2.exceptions.UndefinedError'> 'list object' has no attribute 'code'
12:01:13 NOTE  Error rendering template KAFKA_Observation.txt : <class 'jinja2.exceptions.UndefinedError'> 'list object' has no attribute 'code'
12:01:14 NOTE  person being put onto pathway :9 : AbdelsJourney
12:01:14 NOTE  Error rendering template KAFKA_Observation.txt : <class 'jinja2.exceptions.UndefinedError'> 'list object' has no attribute 'code'
12:01:14 NOTE  Error rendering template KAFKA_Observation.txt : <class 'jinja2.exceptions.UndefinedError'> 'list object' has no attribute 'code'
12:01:14 NOTE  Error rendering template KAFKA_Observation.txt : <class 'jinja2.exceptions.UndefinedError'> 'list object' has no attribute 'code'
12:01:14 NOTE  person being put onto pathway :19 : AbdelsJourney
12:01:14 NOTE  Error rendering template KAFKA_Observation.txt : <class 'jinja2.exceptions.UndefinedError'> 'list object' has no attribute 'code'
12:01:14 NOTE  Error rendering template KAFKA_Observation.txt : <class 'jinja2.exceptions.UndefinedError'> 'list object' has no attribute 'code'
12:01:14 NOTE  Error rendering template KAFKA_Observation.txt : <class 'jinja2.exceptions.UndefinedError'> 'list object' has no attribute 'code'
12:01:14 NOTE  person being put onto pathway :36 : AbdelsJourney
12:01:14 NOTE  Error rendering template KAFKA_Observation.txt : <class 'jinja2.exceptions.UndefinedError'> 'list object' has no attribute 'code'
12:01:14 NOTE  Error rendering template KAFKA_Observation.txt : <class 'jinja2.exceptions.UndefinedError'> 'list object' has no attribute 'code'
12:01:14 NOTE  Error rendering template KAFKA_Observation.txt : <class 'jinja2.exceptions.UndefinedError'> 'list object' has no attribute 'code'
12:01:15 NOTE  person being put onto pathway :47 : AbdelsJourney
12:01:15 NOTE  Error rendering template KAFKA_Observation.txt : <class 'jinja2.exceptions.UndefinedError'> 'list object' has no attribute 'code'
12:01:15 NOTE  Error rendering template KAFKA_Observation.txt : <class 'jinja2.exceptions.UndefinedError'> 'list object' has no attribute 'code'
12:01:15 NOTE  Error rendering template KAFKA_Observation.txt : <class 'jinja2.exceptions.UndefinedError'> 'list object' has no attribute 'code'
12:01:15 NOTE  person being put onto pathway :14 : AbdelsJourney
12:01:15 NOTE  Error rendering template KAFKA_Observation.txt : <class 'jinja2.exceptions.UndefinedError'> 'list object' has no attribute 'code'
12:01:15 NOTE  Error rendering template KAFKA_Observation.txt : <class 'jinja2.exceptions.UndefinedError'> 'list object' has no attribute 'code'
12:01:15 NOTE  Error rendering template KAFKA_Observation.txt : <class 'jinja2.exceptions.UndefinedError'> 'list object' has no attribute 'code'
12:01:15 NOTE  person being put onto pathway :39 : AbdelsJourney
12:01:15 NOTE  Error rendering template KAFKA_Observation.txt : <class 'jinja2.exceptions.UndefinedError'> 'list object' has no attribute 'code'
12:01:15 NOTE  Error rendering template KAFKA_Observation.txt : <class 'jinja2.exceptions.UndefinedError'> 'list object' has no attribute 'code'
12:01:15 NOTE  Error rendering template KAFKA_Observation.txt : <class 'jinja2.exceptions.UndefinedError'> 'list object' has no attribute 'code'
12:01:16 NOTE  person being put onto pathway :17 : AbdelsJourney
12:01:16 NOTE  Error rendering template KAFKA_Observation.txt : <class 'jinja2.exceptions.UndefinedError'> 'list object' has no attribute 'code'
12:01:16 NOTE  Error rendering template KAFKA_Observation.txt : <class 'jinja2.exceptions.UndefinedError'> 'list object' has no attribute 'code'
12:01:16 NOTE  Error rendering template KAFKA_Observation.txt : <class 'jinja2.exceptions.UndefinedError'> 'list object' has no attribute 'code'
12:01:16 NOTE  person being put onto pathway :10 : AbdelsJourney
12:01:16 NOTE  Error rendering template KAFKA_Observation.txt : <class 'jinja2.exceptions.UndefinedError'> 'list object' has no attribute 'code'
12:01:16 NOTE  Error rendering template KAFKA_Observation.txt : <class 'jinja2.exceptions.UndefinedError'> 'list object' has no attribute 'code'
12:01:16 NOTE  Error rendering template KAFKA_Observation.txt : <class 'jinja2.exceptions.UndefinedError'> 'list object' has no attribute 'code'
12:01:16 NOTE  person being put onto pathway :16 : AbdelsJourney
12:01:16 NOTE  Error rendering template KAFKA_Observation.txt : <class 'jinja2.exceptions.UndefinedError'> 'list object' has no attribute 'code'
12:01:16 NOTE  Error rendering template KAFKA_Observation.txt : <class 'jinja2.exceptions.UndefinedError'> 'list object' has no attribute 'code'
12:01:16 NOTE  Error rendering template KAFKA_Observation.txt : <class 'jinja2.exceptions.UndefinedError'> 'list object' has no attribute 'code'
12:01:17 NOTE  person being put onto pathway :2 : AbdelsJourney
12:01:17 NOTE  Error rendering template KAFKA_Observation.txt : <class 'jinja2.exceptions.UndefinedError'> 'list object' has no attribute 'code'
12:01:17 NOTE  Error rendering template KAFKA_Observation.txt : <class 'jinja2.exceptions.UndefinedError'> 'list object' has no attribute 'code'
12:01:17 NOTE  Error rendering template KAFKA_Observation.txt : <class 'jinja2.exceptions.UndefinedError'> 'list object' has no attribute 'code'
12:01:17 NOTE  person being put onto pathway :40 : AbdelsJourney
12:01:17 NOTE  Error rendering template KAFKA_Observation.txt : <class 'jinja2.exceptions.UndefinedError'> 'list object' has no attribute 'code'
12:01:17 NOTE  Error rendering template KAFKA_Observation.txt : <class 'jinja2.exceptions.UndefinedError'> 'list object' has no attribute 'code'
12:01:17 NOTE  Error rendering template KAFKA_Observation.txt : <class 'jinja2.exceptions.UndefinedError'> 'list object' has no attribute 'code'
12:01:18 NOTE  person being put onto pathway :42 : AbdelsJourney
12:01:18 NOTE  Error rendering template KAFKA_Observation.txt : <class 'jinja2.exceptions.UndefinedError'> 'list object' has no attribute 'code'
12:01:18 NOTE  Error rendering template KAFKA_Observation.txt : <class 'jinja2.exceptions.UndefinedError'> 'list object' has no attribute 'code'
12:01:18 NOTE  Error rendering template KAFKA_Observation.txt : <class 'jinja2.exceptions.UndefinedError'> 'list object' has no attribute 'code'
12:01:18 NOTE  person being put onto pathway :33 : AbdelsJourney
12:01:18 NOTE  Error rendering template KAFKA_Observation.txt : <class 'jinja2.exceptions.UndefinedError'> 'list object' has no attribute 'code'
12:01:18 NOTE  Error rendering template KAFKA_Observation.txt : <class 'jinja2.exceptions.UndefinedError'> 'list object' has no attribute 'code'
12:01:18 NOTE  Error rendering template KAFKA_Observation.txt : <class 'jinja2.exceptions.UndefinedError'> 'list object' has no attribute 'code'
12:01:18 NOTE  person being put onto pathway :26 : AbdelsJourney
12:01:18 NOTE  Error rendering template KAFKA_Observation.txt : <class 'jinja2.exceptions.UndefinedError'> 'list object' has no attribute 'code'
12:01:18 NOTE  Error rendering template KAFKA_Observation.txt : <class 'jinja2.exceptions.UndefinedError'> 'list object' has no attribute 'code'
12:01:18 NOTE  Error rendering template KAFKA_Observation.txt : <class 'jinja2.exceptions.UndefinedError'> 'list object' has no attribute 'code'
12:01:19 NOTE  person being put onto pathway :41 : AbdelsJourney
12:01:19 NOTE  Error rendering template KAFKA_Observation.txt : <class 'jinja2.exceptions.UndefinedError'> 'list object' has no attribute 'code'
12:01:19 NOTE  Error rendering template KAFKA_Observation.txt : <class 'jinja2.exceptions.UndefinedError'> 'list object' has no attribute 'code'
12:01:19 NOTE  Error rendering template KAFKA_Observation.txt : <class 'jinja2.exceptions.UndefinedError'> 'list object' has no attribute 'code'
12:01:19 NOTE  person being put onto pathway :23 : AbdelsJourney
12:01:19 NOTE  Error rendering template KAFKA_Observation.txt : <class 'jinja2.exceptions.UndefinedError'> 'list object' has no attribute 'code'
12:01:19 NOTE  Error rendering template KAFKA_Observation.txt : <class 'jinja2.exceptions.UndefinedError'> 'list object' has no attribute 'code'
12:01:19 NOTE  Error rendering template KAFKA_Observation.txt : <class 'jinja2.exceptions.UndefinedError'> 'list object' has no attribute 'code'
12:01:19 NOTE  person being put onto pathway :8 : AbdelsJourney
12:01:19 NOTE  Error rendering template KAFKA_Observation.txt : <class 'jinja2.exceptions.UndefinedError'> 'list object' has no attribute 'code'
12:01:19 NOTE  Error rendering template KAFKA_Observation.txt : <class 'jinja2.exceptions.UndefinedError'> 'list object' has no attribute 'code'
12:01:19 NOTE  Error rendering template KAFKA_Observation.txt : <class 'jinja2.exceptions.UndefinedError'> 'list object' has no attribute 'code'
12:01:20 NOTE  person being put onto pathway :18 : AbdelsJourney
12:01:20 NOTE  Error rendering template KAFKA_Observation.txt : <class 'jinja2.exceptions.UndefinedError'> 'list object' has no attribute 'code'
12:01:20 NOTE  Error rendering template KAFKA_Observation.txt : <class 'jinja2.exceptions.UndefinedError'> 'list object' has no attribute 'code'
12:01:20 NOTE  Error rendering template KAFKA_Observation.txt : <class 'jinja2.exceptions.UndefinedError'> 'list object' has no attribute 'code'
12:01:20 NOTE  person being put onto pathway :50 : AbdelsJourney
12:01:20 NOTE  Error rendering template KAFKA_Observation.txt : <class 'jinja2.exceptions.UndefinedError'> 'list object' has no attribute 'code'
12:01:20 NOTE  Error rendering template KAFKA_Observation.txt : <class 'jinja2.exceptions.UndefinedError'> 'list object' has no attribute 'code'
12:01:20 NOTE  Error rendering template KAFKA_Observation.txt : <class 'jinja2.exceptions.UndefinedError'> 'list object' has no attribute 'code'
12:01:21 NOTE  person being put onto pathway :49 : AbdelsJourney
12:01:21 NOTE  Error rendering template KAFKA_Observation.txt : <class 'jinja2.exceptions.UndefinedError'> 'list object' has no attribute 'code'
12:01:21 NOTE  Error rendering template KAFKA_Observation.txt : <class 'jinja2.exceptions.UndefinedError'> 'list object' has no attribute 'code'
12:01:21 NOTE  Error rendering template KAFKA_Observation.txt : <class 'jinja2.exceptions.UndefinedError'> 'list object' has no attribute 'code'
12:01:21 NOTE  person being put onto pathway :22 : AbdelsJourney
12:01:21 NOTE  Error rendering template KAFKA_Observation.txt : <class 'jinja2.exceptions.UndefinedError'> 'list object' has no attribute 'code'
12:01:21 NOTE  Error rendering template KAFKA_Observation.txt : <class 'jinja2.exceptions.UndefinedError'> 'list object' has no attribute 'code'
12:01:21 NOTE  Error rendering template KAFKA_Observation.txt : <class 'jinja2.exceptions.UndefinedError'> 'list object' has no attribute 'code'
12:01:21 NOTE  person being put onto pathway :29 : AbdelsJourney
12:01:21 NOTE  Error rendering template KAFKA_Observation.txt : <class 'jinja2.exceptions.UndefinedError'> 'list object' has no attribute 'code'
12:01:21 NOTE  Error rendering template KAFKA_Observation.txt : <class 'jinja2.exceptions.UndefinedError'> 'list object' has no attribute 'code'
12:01:21 NOTE  Error rendering template KAFKA_Observation.txt : <class 'jinja2.exceptions.UndefinedError'> 'list object' has no attribute 'code'
12:01:22 NOTE  person being put onto pathway :12 : AbdelsJourney
12:01:22 NOTE  Error rendering template KAFKA_Observation.txt : <class 'jinja2.exceptions.UndefinedError'> 'list object' has no attribute 'code'
12:01:22 NOTE  Error rendering template KAFKA_Observation.txt : <class 'jinja2.exceptions.UndefinedError'> 'list object' has no attribute 'code'
12:01:22 NOTE  Error rendering template KAFKA_Observation.txt : <class 'jinja2.exceptions.UndefinedError'> 'list object' has no attribute 'code'
12:01:22 NOTE  person being put onto pathway :5 : AbdelsJourney
12:01:22 NOTE  Error rendering template KAFKA_Observation.txt : <class 'jinja2.exceptions.UndefinedError'> 'list object' has no attribute 'code'
12:01:22 NOTE  Error rendering template KAFKA_Observation.txt : <class 'jinja2.exceptions.UndefinedError'> 'list object' has no attribute 'code'
12:01:22 NOTE  Error rendering template KAFKA_Observation.txt : <class 'jinja2.exceptions.UndefinedError'> 'list object' has no attribute 'code'
12:01:22 NOTE  person being put onto pathway :35 : AbdelsJourney
12:01:22 NOTE  Error rendering template KAFKA_Observation.txt : <class 'jinja2.exceptions.UndefinedError'> 'list object' has no attribute 'code'
12:01:22 NOTE  Error rendering template KAFKA_Observation.txt : <class 'jinja2.exceptions.UndefinedError'> 'list object' has no attribute 'code'
12:01:22 NOTE  Error rendering template KAFKA_Observation.txt : <class 'jinja2.exceptions.UndefinedError'> 'list object' has no attribute 'code'
12:01:23 NOTE  person being put onto pathway :48 : AbdelsJourney
12:01:23 NOTE  Error rendering template KAFKA_Observation.txt : <class 'jinja2.exceptions.UndefinedError'> 'list object' has no attribute 'code'
12:01:23 NOTE  Error rendering template KAFKA_Observation.txt : <class 'jinja2.exceptions.UndefinedError'> 'list object' has no attribute 'code'
12:01:23 NOTE  Error rendering template KAFKA_Observation.txt : <class 'jinja2.exceptions.UndefinedError'> 'list object' has no attribute 'code'
12:01:23 NOTE  person being put onto pathway :0 : AbdelsJourney
12:01:23 NOTE  Error rendering template KAFKA_Observation.txt : <class 'jinja2.exceptions.UndefinedError'> 'list object' has no attribute 'code'
12:01:23 NOTE  Error rendering template KAFKA_Observation.txt : <class 'jinja2.exceptions.UndefinedError'> 'list object' has no attribute 'code'
12:01:23 NOTE  Error rendering template KAFKA_Observation.txt : <class 'jinja2.exceptions.UndefinedError'> 'list object' has no attribute 'code'
12:01:24 NOTE  person being put onto pathway :37 : AbdelsJourney
12:01:24 NOTE  Error rendering template KAFKA_Observation.txt : <class 'jinja2.exceptions.UndefinedError'> 'list object' has no attribute 'code'
12:01:24 NOTE  Error rendering template KAFKA_Observation.txt : <class 'jinja2.exceptions.UndefinedError'> 'list object' has no attribute 'code'
12:01:24 NOTE  Error rendering template KAFKA_Observation.txt : <class 'jinja2.exceptions.UndefinedError'> 'list object' has no attribute 'code'
12:01:24 NOTE  person being put onto pathway :46 : AbdelsJourney
12:01:24 NOTE  Error rendering template KAFKA_Observation.txt : <class 'jinja2.exceptions.UndefinedError'> 'list object' has no attribute 'code'
12:01:24 NOTE  Error rendering template KAFKA_Observation.txt : <class 'jinja2.exceptions.UndefinedError'> 'list object' has no attribute 'code'
12:01:24 NOTE  Error rendering template KAFKA_Observation.txt : <class 'jinja2.exceptions.UndefinedError'> 'list object' has no attribute 'code'
12:01:25 NOTE  person being put onto pathway :38 : AbdelsJourney
12:01:25 NOTE  Error rendering template KAFKA_Observation.txt : <class 'jinja2.exceptions.UndefinedError'> 'list object' has no attribute 'code'
12:01:25 NOTE  Error rendering template KAFKA_Observation.txt : <class 'jinja2.exceptions.UndefinedError'> 'list object' has no attribute 'code'
12:01:25 NOTE  Error rendering template KAFKA_Observation.txt : <class 'jinja2.exceptions.UndefinedError'> 'list object' has no attribute 'code'
12:01:26 NOTE  person being put onto pathway :6 : AbdelsJourney
12:01:26 NOTE  Error rendering template KAFKA_Observation.txt : <class 'jinja2.exceptions.UndefinedError'> 'list object' has no attribute 'code'
12:01:26 NOTE  Error rendering template KAFKA_Observation.txt : <class 'jinja2.exceptions.UndefinedError'> 'list object' has no attribute 'code'
12:01:26 NOTE  Error rendering template KAFKA_Observation.txt : <class 'jinja2.exceptions.UndefinedError'> 'list object' has no attribute 'code'
12:01:26 NOTE  person being put onto pathway :30 : AbdelsJourney
12:01:26 NOTE  Error rendering template KAFKA_Observation.txt : <class 'jinja2.exceptions.UndefinedError'> 'list object' has no attribute 'code'
12:01:26 NOTE  Error rendering template KAFKA_Observation.txt : <class 'jinja2.exceptions.UndefinedError'> 'list object' has no attribute 'code'
12:01:26 NOTE  Error rendering template KAFKA_Observation.txt : <class 'jinja2.exceptions.UndefinedError'> 'list object' has no attribute 'code'
12:01:26 NOTE  person being put onto pathway :28 : AbdelsJourney
12:01:26 NOTE  Error rendering template KAFKA_Observation.txt : <class 'jinja2.exceptions.UndefinedError'> 'list object' has no attribute 'code'
12:01:26 NOTE  Error rendering template KAFKA_Observation.txt : <class 'jinja2.exceptions.UndefinedError'> 'list object' has no attribute 'code'
12:01:26 NOTE  Error rendering template KAFKA_Observation.txt : <class 'jinja2.exceptions.UndefinedError'> 'list object' has no attribute 'code'
12:01:27 NOTE  person being put onto pathway :25 : AbdelsJourney
12:01:27 NOTE  Error rendering template KAFKA_Observation.txt : <class 'jinja2.exceptions.UndefinedError'> 'list object' has no attribute 'code'
12:01:27 NOTE  Error rendering template KAFKA_Observation.txt : <class 'jinja2.exceptions.UndefinedError'> 'list object' has no attribute 'code'
12:01:27 NOTE  Error rendering template KAFKA_Observation.txt : <class 'jinja2.exceptions.UndefinedError'> 'list object' has no attribute 'code'
12:01:27 NOTE  person being put onto pathway :32 : AbdelsJourney
12:01:27 NOTE  Error rendering template KAFKA_Observation.txt : <class 'jinja2.exceptions.UndefinedError'> 'list object' has no attribute 'code'
12:01:27 NOTE  Error rendering template KAFKA_Observation.txt : <class 'jinja2.exceptions.UndefinedError'> 'list object' has no attribute 'code'
12:01:27 NOTE  Error rendering template KAFKA_Observation.txt : <class 'jinja2.exceptions.UndefinedError'> 'list object' has no attribute 'code'
12:01:27 NOTE  person being put onto pathway :34 : AbdelsJourney
12:01:27 NOTE  Error rendering template KAFKA_Observation.txt : <class 'jinja2.exceptions.UndefinedError'> 'list object' has no attribute 'code'
12:01:27 NOTE  Error rendering template KAFKA_Observation.txt : <class 'jinja2.exceptions.UndefinedError'> 'list object' has no attribute 'code'
12:01:27 NOTE  Error rendering template KAFKA_Observation.txt : <class 'jinja2.exceptions.UndefinedError'> 'list object' has no attribute 'code'
12:01:27 NOTE  person being put onto pathway :45 : AbdelsJourney
12:01:27 NOTE  Error rendering template KAFKA_Observation.txt : <class 'jinja2.exceptions.UndefinedError'> 'list object' has no attribute 'code'
12:01:27 NOTE  Error rendering template KAFKA_Observation.txt : <class 'jinja2.exceptions.UndefinedError'> 'list object' has no attribute 'code'
12:01:27 NOTE  Error rendering template KAFKA_Observation.txt : <class 'jinja2.exceptions.UndefinedError'> 'list object' has no attribute 'code'
12:01:28 NOTE  Time elapsed: 21 seconds
