11:30:54 00001 INFO: Starting...
11:30:54 00111 INFO: Creating 50 patients.
11:30:54 00112 INFO: Reading file: FakeNameGeneratorShr.csv.
11:30:54 00113 INFO: Found name generator file: FakeNameGeneratorShr.csv
11:30:54 00112 INFO: Reading file: PopulationStatistics.csv.
11:30:54 00113 INFO: Found domain statistics file: PopulationStatistics.csv
11:30:54 00112 INFO: Reading file: ShrewsburyStats.csv.
11:30:54 00113 INFO: Found area statistics file: ShrewsburyStats.csv
11:30:54 00114 INFO: Dealing with area type: Ward
11:30:56 00101 INFO: Adding pathway file 'GestationalDiabetes.bpmn' to validation list
11:30:56 00101 INFO: Adding pathway file 'ChildGender.dmn' to validation list
11:30:56 00115 INFO: Files validated for information items. Checking files dependencies...
11:30:56 00107 INFO: Validating pathways.
11:30:56 00108 INFO: Importing pathway file Resources/Files/Pathway/BPMN/GestationalDiabetes.bpmn
11:30:56 00109 INFO: Pathways validated.
11:30:56 00110 INFO: Importing pathways successful.
11:30:57 NOTE  person being put onto pathway :2 : GestationalDiabetes
11:30:57 NOTE  person being put onto pathway :40 : GestationalDiabetes
11:30:57 NOTE  person being put onto pathway :11 : GestationalDiabetes
11:30:57 NOTE  person being put onto pathway :22 : GestationalDiabetes
11:30:57 NOTE  person being put onto pathway :13 : GestationalDiabetes
11:30:58 NOTE  person being put onto pathway :31 : GestationalDiabetes
11:30:58 NOTE  person being put onto pathway :41 : GestationalDiabetes
11:30:58 NOTE  person being put onto pathway :50 : GestationalDiabetes
11:30:58 NOTE  person being put onto pathway :17 : GestationalDiabetes
11:30:58 NOTE  person being put onto pathway :4 : GestationalDiabetes
11:30:58 NOTE  person being put onto pathway :0 : GestationalDiabetes
11:30:59 NOTE  person being put onto pathway :18 : GestationalDiabetes
11:30:59 NOTE  person being put onto pathway :15 : GestationalDiabetes
11:30:59 NOTE  person being put onto pathway :26 : GestationalDiabetes
11:30:59 NOTE  person being put onto pathway :33 : GestationalDiabetes
11:30:59 NOTE  person being put onto pathway :8 : GestationalDiabetes
11:30:59 NOTE  person being put onto pathway :49 : GestationalDiabetes
11:31:00 NOTE  person being put onto pathway :44 : GestationalDiabetes
11:31:00 NOTE  person being put onto pathway :43 : GestationalDiabetes
11:31:00 NOTE  person being put onto pathway :35 : GestationalDiabetes
11:31:00 NOTE  person being put onto pathway :24 : GestationalDiabetes
11:31:01 NOTE  person being put onto pathway :20 : GestationalDiabetes
11:31:01 NOTE  person being put onto pathway :39 : GestationalDiabetes
11:31:01 NOTE  person being put onto pathway :19 : GestationalDiabetes
11:31:01 NOTE  person being put onto pathway :30 : GestationalDiabetes
11:31:01 NOTE  person being put onto pathway :46 : GestationalDiabetes
11:31:01 NOTE  person being put onto pathway :25 : GestationalDiabetes
11:31:02 NOTE  person being put onto pathway :10 : GestationalDiabetes
11:31:02 NOTE  person being put onto pathway :12 : GestationalDiabetes
11:31:02 NOTE  person being put onto pathway :9 : GestationalDiabetes
11:31:02 NOTE  person being put onto pathway :3 : GestationalDiabetes
11:31:02 NOTE  person being put onto pathway :37 : GestationalDiabetes
11:31:02 NOTE  person being put onto pathway :29 : GestationalDiabetes
11:31:03 NOTE  person being put onto pathway :48 : GestationalDiabetes
11:31:03 NOTE  person being put onto pathway :6 : GestationalDiabetes
11:31:03 NOTE  person being put onto pathway :7 : GestationalDiabetes
11:31:03 NOTE  person being put onto pathway :21 : GestationalDiabetes
11:31:03 NOTE  person being put onto pathway :42 : GestationalDiabetes
11:31:04 NOTE  person being put onto pathway :23 : GestationalDiabetes
11:31:04 NOTE  person being put onto pathway :14 : GestationalDiabetes
11:31:04 NOTE  person being put onto pathway :16 : GestationalDiabetes
11:31:04 NOTE  person being put onto pathway :47 : GestationalDiabetes
11:31:04 NOTE  person being put onto pathway :28 : GestationalDiabetes
11:31:05 NOTE  person being put onto pathway :38 : GestationalDiabetes
11:31:05 NOTE  person being put onto pathway :34 : GestationalDiabetes
11:31:05 NOTE  person being put onto pathway :1 : GestationalDiabetes
11:31:06 NOTE  person being put onto pathway :27 : GestationalDiabetes
11:31:06 NOTE  person being put onto pathway :5 : GestationalDiabetes
11:31:06 NOTE  person being put onto pathway :32 : GestationalDiabetes
11:31:06 NOTE  person being put onto pathway :36 : GestationalDiabetes
11:31:06 NOTE  person being put onto pathway :45 : GestationalDiabetes
11:31:07 NOTE  Time elapsed: 13 seconds
