16:15:53 00102 INFO: Converting BPMN pathway Path1.bpmn to json...
16:15:53 00103 INFO: Initial node created: Start
16:15:53 00103 INFO: Simple node created: patient_assessment
16:15:53 00103 INFO: Simple node created: test_request
16:15:53 00103 INFO: Simple node created: Specimen_check
16:15:53 00103 INFO: Simple node created: lab_test
16:15:53 00103 INFO: Simple node created: test_report
16:15:53 00103 INFO: Simple node created: send_report
16:15:53 00103 INFO: Simple node created: receive_report
16:15:53 00103 INFO: Simple node created: inform_patient
16:15:53 00103 INFO: Delay node created: sending_test_request "sending_test_request"
16:15:53 00103 INFO: Delay node created: GP_diagnosis "Diagnosis"
16:15:53 00103 INFO: Delay node created: specimen_ready_for_test "specimen_ready_for_test"
16:15:53 00103 INFO: Delay node created: prepare_report_for_send "preparing report for sending"
16:15:53 00103 INFO: Delay node created: test_complete "test completed_ready for report"
16:15:53 00103 INFO: Delay node created: report_in_transfer "report in transfer"
16:15:53 00103 INFO: Delay node created: Initial_patient_GP_Visit "Wait to see GP

"
16:15:53 00103 INFO: Delay node created: GP_checks_report "GP_checks_report"
16:15:53 00103 INFO: Terminal node created: Finish
16:15:53 00105 INFO: Direct Transition for lab_test added: test_report
16:15:53 00105 INFO: Direct Transition for Start added: Initial_patient_GP_Visit
16:15:53 00105 INFO: Direct Transition for test_report added: send_report
16:15:53 00105 INFO: Direct Transition for Specimen_check added: specimen_ready_for_test
16:15:53 00105 INFO: Direct Transition for test_request added: Specimen_check
16:15:53 00105 INFO: Direct Transition for GP_checks_report added: inform_patient
16:15:53 00105 INFO: Direct Transition for inform_patient added: Finish
16:15:53 00105 INFO: Direct Transition for send_report added: receive_report
16:15:53 00105 INFO: Direct Transition for Initial_patient_GP_Visit added: patient_assessment
16:15:53 00105 INFO: Direct Transition for specimen_ready_for_test added: lab_test
16:15:53 00105 INFO: Direct Transition for patient_assessment added: test_request
16:15:53 00105 INFO: Direct Transition for receive_report added: GP_checks_report
16:15:53 NOTE  Looking for attributes from setAttribute for Path1 Start
16:15:53 NOTE  Adding attribute from setAttribute for Path1 Start
16:15:53 NOTE  Looking for attributes from setAttribute for Path1 Start
16:15:53 NOTE  Adding attribute from setAttribute for Path1 Start
16:15:53 NOTE  Looking for attributes from setAttribute for Path1 send_report
16:15:53 NOTE  Adding attribute from setAttribute for Path1 send_report
16:15:53 NOTE  Looking for attributes from setAttribute for Path1 send_report
16:15:53 NOTE  Adding attribute from setAttribute for Path1 send_report
16:15:53 NOTE  Looking for attributes from setAttribute for Path1 send_report
16:15:53 NOTE  Adding attribute from setAttribute for Path1 send_report
16:15:53 NOTE  Looking for attributes from setAttribute for Path1 test_request
16:15:53 NOTE  Adding attribute from setAttribute for Path1 test_request
16:15:53 NOTE  Looking for attributes from setAttribute for Path1 Specimen_check
16:15:53 NOTE  Adding attribute from setAttribute for Path1 Specimen_check
16:15:53 NOTE  Looking for attributes from setAttribute for Path1 test_request
16:15:53 NOTE  Adding attribute from setAttribute for Path1 test_request
16:15:53 NOTE  Looking for attributes from setAttribute for Path1 Specimen_check
16:15:53 NOTE  Adding attribute from setAttribute for Path1 Specimen_check
16:15:53 NOTE  Looking for attributes from setAttribute for Path1 lab_test
16:15:53 NOTE  Adding attribute from setAttribute for Path1 lab_test
16:15:53 NOTE  Looking for attributes from setAttribute for Path1 test_request
16:15:53 NOTE  Adding attribute from setAttribute for Path1 test_request
16:15:53 NOTE  Looking for attributes from setAttribute for Path1 Specimen_check
16:15:53 NOTE  Adding attribute from setAttribute for Path1 Specimen_check
16:15:53 NOTE  Looking for attributes from setAttribute for Path1 lab_test
16:15:53 NOTE  Adding attribute from setAttribute for Path1 lab_test
16:15:53 NOTE  Looking for attributes from setAttribute for Path1 patient_assessment
16:15:53 NOTE  Adding attribute from setAttribute for Path1 patient_assessment
16:15:53 NOTE  Looking for attributes from setAttribute for Path1 Receive_report
16:15:53 NOTE  Adding attribute from setAttribute for Path1 Receive_report
16:15:53 NOTE  item defined in the attributeSet for a node that does not exist in pathway 'R' 'e' 'c' 'e' 'i' 'v' 'e' '_' 'r' 'e' 'p' 'o' 'r' 't' (message argument count missmatch)
16:15:53 00106 INFO: Pathway Path1.json has been converted to json successfully.
